========================================================================
                       Bochs x86 Emulator 2.6.8
                Built from SVN snapshot on May 3, 2015
                  Compiled on Jun 12 2017 at 22:10:06
========================================================================
------------------------------
Bochs Configuration: Main Menu
------------------------------

This is the Bochs Configuration Interface, where you can describe the
machine that you want to simulate.  Bochs has already searched for a
configuration file (typically called bochsrc.txt) and loaded it if it
could be found.  When you are satisfied with the configuration, go
ahead and start the simulation.

You can also start bochs with the -q option to skip these menus.

1. Restore factory default configuration
2. Read options from...
3. Edit options
4. Save options to...
5. Restore the Bochs state from...
6. Begin simulation
7. Quit now

Please choose one: [6] Installing handler in IDT position 0
Installing handler in IDT position 1
Installing handler in IDT position 2
Installing handler in IDT position 3
Installing handler in IDT position 4
Installing handler in IDT position 5
Installing handler in IDT position 6
Installing handler in IDT position 7
Installing handler in IDT position 8
Installing handler in IDT position 9
Installing handler in IDT position 10
Installing handler in IDT position 11
Installing handler in IDT position 12
Installing handler in IDT position 13
Installing handler in IDT position 14
Installing handler in IDT position 15
Installing handler in IDT position 16
Installing handler in IDT position 17
Installing handler in IDT position 18
Installing handler in IDT position 19
Installing handler in IDT position 20
Installing handler in IDT position 21
Installing handler in IDT position 22
Installing handler in IDT position 23
Installing handler in IDT position 24
Installing handler in IDT position 25
Installing handler in IDT position 26
Installing handler in IDT position 27
Installing handler in IDT position 28
Installing handler in IDT position 29
Installing handler in IDT position 30
Installing handler in IDT position 31
Installing handler in IDT position 32
Installing handler in IDT position 33
Installing handler in IDT position 34
Installing handler in IDT position 35
Installing handler in IDT position 36
Installing handler in IDT position 37
Installing handler in IDT position 38
Installing handler in IDT position 39
Installing handler in IDT position 40
Installing handler in IDT position 41
Installing handler in IDT position 42
Installing handler in IDT position 43
Installing handler in IDT position 44
Installing handler in IDT position 45
Installing handler in IDT position 46
Installing handler in IDT position 47
Installed exception handler at ISR <0>
Allocating Memory Pool... done
Installed interrupt handler at IRQ <0>
Constructed Scheduler.
Hello World!
CREATING THREAD 1...
esp = <2098112>
done
DONE
CREATING THREAD 2...esp = <2099160>
done
DONE
CREATING THREAD 3...esp = <2100208>
done
DONE
CREATING THREAD 4...esp = <2101256>
done
DONE
esp = <2102304>
done
STARTING THREAD 1 ...
Thread: 0
FUN 1 INVOKED!
FUN 1 IN BURST[0]
FUN 1: TICK [0]
FUN 1: TICK [1]
FUN 1: TICK [2]
FUN 1: TICK [3]
FUN 1: TICK [4]
FUN 1: TICK [5]
FUN 1: TICK [6]
FUN 1: TICK [7]
FUN 1: TICK [8]
FUN 1: TICK [9]
FUN 1 IN BURST[1]
FUN 1: TICK [0]
Thread: 1
FUN 2 INVOKED!
FUN 2 IN BURST[0]
FUN 2: TICK [0]
FUN 2: TICK [1]
FUN 2: TICK [2]
FUN 2: TICK [3]
FUN 2: TICK [4]
FUN 2: TICK [5]
FUN 2: TICK [6]
FUN 2: TICK [7]
FUN 2: TICK [8]
FUN 2: TICK [9]
FUN 2 IN BURST[1]
FUN 2: TICK [0]
FUN 2: TICK [1]
FUN 2: TICK [2]
FUN 2: TICK [3]
FUN 2: TICK [4]
FUN 2: TICK [5]
FUN 2: TICK [6]
FUN 2: TICK [7]
FUN 2: TICK [8]
FUN 2: TICK [9]
FUN 2 IN BURST[2]
FUN 2: TICK [0]
FUN 2: TICK [1]
FUN 2: TICK [2]
FUN 2: TICK [3]
FUN 2: TICK [4]
FUN 2: TICK [5]
FUN 2: TICK [6]
FUN 2: TICK [7]
FUN 2: TICK [8]
FUN 2: TICK [9]
FUN 2 IN BURST[3]
FUN 2: TICK [0]
FUN 2: TICK [1]
FUN 2: TICK [2]
Thread: 2
FUN 3 INVOKED!
FUN 3 IN BURST[0]
FUN 3: TICK [0]
FUN 3: TICK [1]
FUN 3: TICK [2]
FUN 3: TICK [3]
FUN 3: TICK [4]
FUN 3: TICK [5]
FUN 3: TICK [6]
FUN 3: TICK [7]
FUN 3: TICK [8]
FUN 3: TICK [9]
FUN 3 IN BURST[1]
FUN 3: TICK [0]
FUN 3: TICK [1]
FUN 3: TICK [2]
FUN 3: TICK [3]
FUN 3: TICK [4]
FUN 3: TICK [5]
FUN 3: TICK [6]
FUN 3: TICK [7]
FUN 3: TICK [8]
FUN 3: TICK [9]
FUN 3 IN BURST[2]
FUN 3: TICK [0]
FUN 3: TICK [1]
FUN 3: TICK [2]
FUN 3: TICK [3]
FUN 3: TICK [4]
FUN 3: TICK [5]
FUN 3: TICK [6]
FUN 3: TICK [7]
FUN 3: TICK [8]
FUN 3: TICK [9]
FUN 3 IN BURST[3]
FUN 3: TICK [0]
FUN 3: TICK [1]
FUN 3: TICK [2]
FUN 3: TICK [3]
FUN 3: TICK [4]
Thread: 3
FUN 4 INVOKED!
FUN 4 IN BURST[0]
FUN 4: TICK [0]
FUN 4: TICK [1]
FUN 4: TICK [2]
FUN 4: TICK [3]
FUN 4: TICK [4]
FUN 4: TICK [5]
FUN 4: TICK [6]
FUN 4: TICK [7]
FUN 4: TICK [8]
FUN 4: TICK [9]
FUN 4 IN BURST[1]
FUN 4: TICK [0]
FUN 4: TICK [1]
FUN 4: TICK [2]
FUN 4: TICK [3]
FUN 4: TICK [4]
FUN 4: TICK [5]
FUN 4: TICK [6]
FUN 4: TICK [7]
FUN 4: TICK [8]
FUN 4: TICK [9]
FUN 4 IN BURST[2]
FUN 4: TICK [0]
FUN 4: TICK [1]
FUN 4: TICK [2]
FUN 4: TICK [3]
FUN 4: TICK [4]
FUN 4: TICK [5]
FUN 4: TICK [6]
FUN 4: TICK [7]
FUN 4: TICK [8]
FUN 4: TICK [9]
FUN 4 IN BURST[3]
FUN 4: TICK [0]
FUN 4: TICK [1]
FUN 4: TICK [2]
FUN 4: TICK [3]
FUN 4: TICK [4]
FUN 4: TICK [5]
FUN 4: TICK [6]
FUN 4: TICK [7]
FUN 4: TICK [8]
FUN 4: TICK [9]
FUN 4 IN BURST[4]
FUN 4: TICK [0]
FUN 4: TICK [1]
FUN 4: TICK [2]
FUN 4: TICK [3]
FUN 4: TICK [4]
FUN 4: TICK [5]
FUN 4: TICK [6]
FUNFUN 1: TICK [1]
FUN 1: TICK [2]
FUN 1: TICK [3]
FUN 1: TICK [4]
FUN 1: TICK [5]
FUN 1: TICK [6]
FUN 1: TICK [7]
FUN 1: TICK [8]
FUN 1: TICK [9]
FUN 1 IN BURST[2]
FUN 1: TICK [0]
FUN 1: TICK [1]
FUN 1: TICK [2]
FUN 1: TICK [3]
FUN 1: TICK [4]
FUN 1: TICK [5]
FUN 1: TICK [6]
FUN 1: TICK [7]
FUN 1: TICK [8]
FUN 1: TICK [9]
FUN 1 IN BURST[3]
FUN 1: TICK [0]
FUN 1: TICK [1]
FUN 2: TICK [3]
FUN 2: TICK [4]
FUN 2: TICK [5]
FUN 2: TICK [6]
FUN 2: TICK [7]
FUN 2: TICK [8]
FUN 2: TICK [9]
FUN 2 IN BURST[4]
FUN 2: TICK [0]
FUN 2: TICK [1]
FUN 2: TICK [2]
FUN 2: TICK [3]
FUN 2: TICK [4]
FUN 2: TICK [5]
FUN 2: TICK [6]
FUN 2: TICK [7]
FUN 2: TICK [8]
FUN 2: TICK [9]
FUN 2 IN BURST[5]
FUN 2: TICK [0]
FUN 2: TICK [1]
FUN 2: TICK [2]
FUN 2: TICK [3]
FUN 2: TICK [4]
FUN 2: TICK [5]
FUN 2: TICK [6]
FUN 2: TICK [7]
FUN 2: TICK [8]
FUN 2: TICK [9]
FUN 2 IN BURST[6]
FUN 2: TICK [0]
FUN 2: TICK [1]
FUN 2: TICK [2]
FUN 2: TICK [3]
FUN 2: TICK [4]
FUN 2: TICK [5]
FUN 2: TICK [6]
FUN 2: TICK [7]
FUN 2: TICK [8]
FUN 2: TICK [9]
FUN 2 IN BURST[7]
FUN 2: TICK [0]
FUN 3: TICK [5]
FUN 3: TICK [6]
FUN 3: TICK [7]
FUN 3: TICK [8]
FUN 3: TICK [9]
FUN 3 IN BURST[4]
FUN 3: TICK [0]
FUN 3: TICK [1]
FUN 3: TICK [2]
FUN 3: TICK [3]
FUN 3: TICK [4]
FUN 3: TICK [5]
FUN 3: TICK [6]
FUN 3: TICK [7]
FUN 3: TICK [8]
FUN 3: TICK [9]
FUN 3 IN BURST[5]
FUN 3: TICK [0]
FUN 3: TICK [1]
FUN 3: TICK [2]
FUN 3: TICK [3]
FUN 3: TICK [4]
FUN 3: TICK [5]
FUN 3: TICK [6]
FUN 3: TICK [7]
FUN 3: TICK [8]
FUN 3: TICK [9]
FUN 3 IN BURST[6]
FUN 3: TICK [0]
FUN 3: TICK [1]
FUN 3: TICK [2]
FUN 3: TICK [3]
FUN 3: TICK [4]
FUN 3: TICK [5]
FUN 3: TICK [6]
FUN 3: TICK [7]
FUN 3: TICK [8]
FUN 3: TICK [9]
FUN 3 IN BURST[7]
FUN 3: TICK [0]
FUN 3: TICK [1]
FUN 3: TICK [2]
FUN 3: TICK [3]
FUN 3: TICK [4]
FUN 3: TICK [5 4: TICK [7]
FUN 4: TICK [8]
FUN 4: TICK [9]
FUN 4 IN BURST[5]
FUN 4: TICK [0]
FUN 4: TICK [1]
FUN 4: TICK [2]
FUN 4: TICK [3]
FUN 4: TICK [4]
FUN 4: TICK [5]
FUN 4: TICK [6]
FUN 4: TICK [7]
FUN 4: TICK [8]
FUN 4: TICK [9]
FUN 4 IN BURST[6]
FUN 4: TICK [0]
FUN 4: TICK [1]
FUN 4: TICK [2]
FUN 4: TICK [3]
FUN 4: TICK [4]
FUN 4: TICK [5]
FUN 4: TICK [6]
FUN 4: TICK [7]
FUN 4: TICK [8]
FUN 4: TICK [9]
FUN 4 IN BURST[7]
FUN 4: TICK [0]
FUN 4: TICK [1]
FUN 4: TICK [2]
FUN 4: TICK [3]
FUN 4: TICK [4]
FUN 4: TICK [5]
FUN 4: TICK [6]
FUN 4: TICK [7]
FUN 4: TICK [8]
FUN 4: TICK [9]
FUN 4 IN BURST[8]
FUN 4: TICK [0]
FUN 1: TICK [2]
FUN 1: TICK [3]
FUN 1: TICK [4]
FUN 1: TICK [5]
FUN 1: TICK [6]
FUN 1: TICK [7]
FUN 1: TICK [8]
FUN 1: TICK [9]
FUN 1 IN BURST[4]
FUN 1: TICK [0]
FUN 1: TICK [1]
FUN 1: TICK [2]
FUN 1: TICK [3]
FUN 1: TICK [4]
FUN 1: TICK [5]
FUN 1: TICK [6]
FUN 1: TICK [7]
FUN 1: TICK [8]
FUN 1: TICK [9]
FUN 1 IN BURST[5]
FUN 1: TICK [0]
FUN 1: TICK [1]
FUN 1: TICK [2]
FUN 1: TICK [3]
FUN 1: TICK [4]
FUN 1: TICK [5]
FUN 1: TICK [6]
FUN 1: TICK [7]
FUN 1: TICK [8]
FUN 1: TICK [9]
FUN 1 IN BURST[6]
FUN 1: TICK [0]
FUN 1: TICK [1]
FUN 1: TICK [2]
FUN 1: TICK [3]
FUN 1: TICK [4]
FUN 2: TICK [1]
FUN 2: TICK [2]
FUN 2: TICK [3]
FUN 2: TICK [4]
FUN 2: TICK [5]
FUN 2: TICK [6]
FUN 2: TICK [7]
FUN 2: TICK [8]
FUN 2: TICK [9]
FUN 2 IN BURST[8]
FUN 2: TICK [0]
FUN 2: TICK [1]
FUN 2: TICK [2]
FUN 2: TICK [3]
FUN 2: TICK [4]
FUN 2: TICK [5]
FUN 2: TICK [6]
FUN 2: TICK [7]
FUN 2: TICK [8]
FUN 2: TICK [9]
FUN 2 IN BURST[9]
FUN 2: TICK [0]
FUN 2: TICK [1]
FUN 2: TICK [2]
FUN 2: TICK [3]
FUN 2: TICK [4]
FUN 2: TICK [5]
FUN 2: TICK [6]
FUN 2: TICK [7]
FUN 2: TICK [8]
FUN 2: TICK [9]
IN thread_shutdown of the thread.C of 1
IN terminate of the schedler.C of 1
]
FUN 3: TICK [6]
FUN 3: TICK [7]
FUN 3: TICK [8]
FUN 3: TICK [9]
FUN 3 IN BURST[8]
FUN 3: TICK [0]
FUN 3: TICK [1]
FUN 3: TICK [2]
FUN 3: TICK [3]
FUN 4: TICK [1]
FUN 4: TICK [2]
FUN 4: TICK [3]
FUN 4: TICK [4]
FUN 4: TICK [5]
FUN 4: TICK [6]
FUN 4: TICK [7]
FUN 4: TICK [8]
FUN 4: TICK [9]
FUN 4 IN BURST[9]
FUN 4: TICK [0]
FUN 4: TICK [1]
FUN 4: TICK [2]
FUN 4: TICK [3]
FUN 4: TICK [4]
FUN 4: TICK [5]
FUN 4: TICK [6]
FUN 4: TICK [7]
FUN 4: TICK [8]
FUN 4: TICK [9]
FUN 4 IN BURST[10]
FUN 4: TICK [0]
FUN 4: TICK [1]
FUN 4: TICK [2]
FUN 4: TICK [3]
FUN 4: TICK [4]
FUN 4: TICK [5]
FUN 4: TICK [6]
FUN 4: TICK [7]
FUN 4: TICK [8]
FUN 4: TICK [9]
FUN 4 IN BURST[11]
FUN 4: TICK [0]
FUN 4: TICK [1]
FUN 4: TICK [2]
FUN 4: TICK [3]
FUN 4: TICK [4]
FUN 4: TICK [5]
FUN 4: TICK [6]
FUN 4: TICK [7]
FUN 4: TICK [8]
FUN 4: TICK [9]
FUN 4 IN BURST[12]
FUN 4: TICK [0]
FUN 4: TICK [1]
FUN 4: TICK [2]
FUN 1: TICK [5]
FUN 1: TICK [6]
FUN 1: TICK [7]
FUN 1: TICK [8]
FUN 1: TICK [9]
FUN 1 IN BURST[7]
FUN 1: TICK [0]
FUN 1: TICK [1]
FUN 1: TICK [2]
FUN 1: TICK [3]
FUN 1: TICK [4]
FUN 1: TICK [5]
FUN 1: TICK [6]
FUN 1: TICK [7]
FUN 1: TICK [8]
FUN 1: TICK [9]
FUN 1 IN BURST[8]
FUN 1: TICK [0]
FUN 1: TICK [1]
FUN 1: TICK [2]
FUN 1: TICK [3]
FUN 1: TICK [4]
FUN 1: TICK [5]
FUN 1: TICK [6]
FUN 1: TICK [7]
FUN 1: TICK [8]
FUN 1: TICK [9]
FUN 1 IN BURST[9]
FUN 1: TICK [0]
FUN 1: TICK [1]
FUN 1: TICK [2]
FUN 1: TICK [3]
FUN 1: TICK [4]
FUN 1: TICK [5]
FUN 1: TICK [6]
FUN 1: TICK [7]
FUN 3: TICK [4]
FUN 3: TICK [5]
FUN 3: TICK [6]
FUN 3: TICK [7]
FUN 3: TICK [8]
FUN 3: TICK [9]
FUN 3 IN BURST[9]
FUN 3: TICK [0]
FUN 3: TICK [1]
FUN 3: TICK [2]
FUN 3: TICK [3]
FUN 3: TICK [4]
FUN 3: TICK [5]
FUN 3: TICK [6]
FUN 3: TICK [7]
FUN 3: TICK [8]
FUN 3: TICK [9]
FUN 3 IN BURST[10]
FUN 3: TICK [0]
FUN 3: TICK [1]
FUN 3: TICK [2]
FUN 3: TICK [3]
FUN 3: TICK [4]
FUN 3: TICK [5]
FUN 3: TICK [6]
FUN 3: TICK [7]
FUN 3: TICK [8]
FUN 3: TICK [9]
FUN 3 IN BURST[11]
FUN 3: TICK [0]
FUN 3: TICK [1]
FUN 3: TICK [2]
FUN 3: TICK [3]
FUN 3: TICK [4]
FUN 3: TICK [5]
FUN 4: TICK [3]
FUN 4: TICK [4]
FUN 4: TICK [5]
FUN 4: TICK [6]
FUN 4: TICK [7]
FUN 4: TICK [8]
FUN 4: TICK [9]
FUN 4 IN BURST[13]
FUN 4: TICK [0]
FUN 4: TICK [1]
FUN 4: TICK [2]
FUN 4: TICK [3]
FUN 4: TICK [4]
FUN 4: TICK [5]
FUN 4: TICK [6]
FUN 4: TICK [7]
FUN 4: TICK [8]
FUN 4: TICK [9]
FUN 4 IN BURST[14]
FUN 4: TICK [0]
FUN 4: TICK [1]
FUN 4: TICK [2]
FUN 4: TICK [3]
FUN 4: TICK [4]
FUN 4: TICK [5]
FUN 4: TICK [6]
FUN 4: TICK [7]
FUN 4: TICK [8]
FUN 4: TICK [9]
FUN 4 IN BURST[15]
FUN 4: TICK [0]
FUN 4: TICK [1]
FUN 4: TICK [2]
FUN 4: TICK [3]
FUN 4: TICK [4]
FUN 4: TICK [5]
FUN 4: TICK [6]
FUN 4: TICK [7]
FUN 4: TICK [8]
FUN 1: TICK [8]
FUN 1: TICK [9]
IN thread_shutdown of the thread.C of 0
IN terminate of the schedler.C of 0
FUN 3: TICK [6]
FUN 3: TICK [7]
FUN 3: TICK [8]
FUN 3: TICK [9]
FUN 3 IN BURST[12]
FUN 3: TICK [0]
FUN 3: TICK [1]
FUN 3: TICK [2]
FUN 3: TICK [3]
FUN 3: TICK [4]
FUN 3: TICK [5]
FUN 3: TICK [6]
FUN 3: TICK [7]
FUN 3: TICK [8]
FUN 3: TICK [9]
FUN 3 IN BURST[13]
FUN 3: TICK [0]
FUN 3: TICK [1]
FUN 3: TICK [2]
FUN 3: TICK [3]
FUN 3: TICK [4]
FUN 3: TICK [5]
FUN 3: TICK [6]
FUN 3: TICK [7]
FUN 3: TICK [8]
FUN 3: TICK [9]
FUN 3 IN BURST[14]
FUN 3: TICK [0]
FUN 3: TICK [1]
FUN 3: TICK [2]
FUN 3: TICK [3]
FUN 3: TICK [4]
FUN 3: TICK [5]
FUN 3: TICK [6]
FUN 3: TICK [7]
FUN 3: TICK [8]
FUN 3: TICK [9]
FUN 4: TICK [9]
FUN 4 IN BURST[16]
FUN 4: TICK [0]
FUN 4: TICK [1]
FUN 4: TICK [2]
FUN 4: TICK [3]
FUN 4: TICK [4]
FUN 4: TICK [5]
FUN 4: TICK [6]
FUN 4: TICK [7]
FUN 4: TICK [8]
FUN 4: TICK [9]
FUN 4 IN BURST[17]
FUN 4: TICK [0]
FUN 4: TICK [1]
FUN 4: TICK [2]
FUN 4: TICK [3]
FUN 4: TICK [4]
FUN 4: TICK [5]
FUN 4: TICK [6]
FUN 4: TICK [7]
FUN 4: TICK [8]
FUN 4: TICK [9]
FUN 4 IN BURST[18]
FUN 4: TICK [0]
FUN 4: TICK [1]
FUN 4: TICK [2]
FUN 4: TICK [3]
FUN 4: TICK [4]
FUN 4: TICK [5]
FUN 4: TICK [6]
FUN 4: TICK [7]
FUN 4: TICK [8]
FUN 4: TICK [9]
FUN 4 IN BURST[19]
FUN 4: TICK [0]
FUN 4: TICK [1]
FUN 4: TICK [2]
FUN 4: TICK [3]
FUN 4: TICK [4]
FUN 4: TICK [5]
FUN 3 IN BURST[15]
FUN 3: TICK [0]
FUN 3: TICK [1]
FUN 3: TICK [2]
FUN 3: TICK [3]
FUN 3: TICK [4]
FUN 3: TICK [5]
FUN 3: TICK [6]
FUN 3: TICK [7]
FUN 3: TICK [8]
FUN 3: TICK [9]
FUN 3 IN BURST[16]
FUN 3: TICK [0]
FUN 3: TICK [1]
FUN 3: TICK [2]
FUN 3: TICK [3]
FUN 3: TICK [4]
FUN 3: TICK [5]
FUN 3: TICK [6]
FUN 3: TICK [7]
FUN 3: TICK [8]
FUN 3: TICK [9]
FUN 3 IN BURST[17]
FUN 3: TICK [0]
FUN 3: TICK [1]
FUN 3: TICK [2]
FUN 3: TICK [3]
FUN 3: TICK [4]
FUN 3: TICK [5]
FUN 3: TICK [6]
FUN 3: TICK [7]
FUN 3: TICK [8]
FUN 3: TICK [9]
FUN 3 IN BURST[18]
FUN 4: TICK [6]
FUN 4: TICK [7]
FUN 4: TICK [8]
FUN 4: TICK [9]
FUN 4 IN BURST[20]
FUN 4: TICK [0]
FUN 4: TICK [1]
FUN 4: TICK [2]
FUN 4: TICK [3]
FUN 4: TICK [4]
FUN 4: TICK [5]
FUN 4: TICK [6]
FUN 4: TICK [7]
FUN 4: TICK [8]
FUN 4: TICK [9]
FUN 4 IN BURST[21]
FUN 4: TICK [0]
FUN 4: TICK [1]
FUN 4: TICK [2]
FUN 4: TICK [3]
FUN 4: TICK [4]
FUN 4: TICK [5]
FUN 4: TICK [6]
FUN 4: TICK [7]
FUN 4: TICK [8]
FUN 4: TICK [9]
FUN 4 IN BURST[22]
FUN 4: TICK [0]
FUN 4: TICK [1]
FUN 4: TICK [2]
FUN 4: TICK [3]
FUN 4: TICK [4]
FUN 4: TICK [5]
FUN 4: TICK [6]
FUN 4: TICK [7]
FUN 4: TICK [8]
FUN 4: TICK [9]
FUN 4 IN BURST[23]
FUN 4: TICK [0]
FUN 4: TICK [1]
FUN 4: TICK [2]
FUN 4: TICK [3]
FUN 4: TICK [4]
FUN 4: TICK [5]
FUN 4: TICK [6]
FUN 3: TICK [0]
FUN 3: TICK [1]
FUN 3: TICK [2]
FUN 3: TICK [3]
FUN 3: TICK [4]
FUN 3: TICK [5]
FUN 3: TICK [6]
FUN 3: TICK [7]
FUN 3: TICK [8]
FUN 3: TICK [9]
FUN 3 IN BURST[19]
FUN 3: TICK [0]
FUN 3: TICK [1]
FUN 3: TICK [2]
FUN 3: TICK [3]
FUN 3: TICK [4]
FUN 3: TICK [5]
FUN 3: TICK [6]
FUN 3: TICK [7]
FUN 3: TICK [8]
FUN 3: TICK [9]
FUN 3 IN BURST[20]
FUN 3: TICK [0]
FUN 3: TICK [1]
FUN 3: TICK [2]
FUN 3: TICK [3]
FUN 3: TICK [4]
FUN 3: TICK [5]
FUN 3: TICK [6]
FUN 3: TICK [7]
FUN 3: TICK [8]
FUN 3: TICK [9]
FUN 3 IN BURST[21]
FUN 3: TICK [0]
FUN 3: TICK [1]
FUN 3: TICK [2]
FUN 3: TICK [3]
FUN 3: TICK [4]
FUN 3: TICK [5]
FUN 3: TICK [6]
FUN 3: TICK [7]
FUN 3: TICK [8]
FUN 3: TICK [9]
FUN 3 IN BURST[22]
FUN 3: TICK [0]
FUN 3: TICK [1]
FUN 4: TICK [7]
FUN 4: TICK [8]
FUN 4: TICK [9]
FUN 4 IN BURST[24]
FUN 4: TICK [0]
FUN 4: TICK [1]
FUN 4: TICK [2]
FUN 4: TICK [3]
FUN 4: TICK [4]
FUN 4: TICK [5]
FUN 4: TICK [6]
FUN 4: TICK [7]
FUN 4: TICK [8]
FUN 4: TICK [9]
FUN 4 IN BURST[25]
FUN 4: TICK [0]
FUN 4: TICK [1]
FUN 4: TICK [2]
FUN 4: TICK [3]
FUN 4: TICK [4]
FUN 4: TICK [5]
FUN 4: TICK [6]
FUN 4: TICK [7]
FUN 4: TICK [8]
FUN 4: TICK [9]
FUN 4 IN BURST[26]
FUN 4: TICK [0]
FUN 4: TICK [1]
FUN 4: TICK [2]
FUN 4: TICK [3]
FUN 4: TICK [4]
FUN 4: TICK [5]
FUN 4: TICK [6]
FUN 4: TICK [7]
FUN 4: TICK [8]
FUN 4: TICK [9]
FUN 4 IN BURST[27]
FUN 4: TICK [0]
FUN 4: TICK [1]
FUN 4: TICK [2]
FUN 4: TICK [3]
FUN 4: TICK [4]
FUN 4: TICK [5]
One second has passed
FUN 3: TICK [2]
FUN 3: TICK [3]
FUN 3: TICK [4]
FUN 3: TICK [5]
FUN 3: TICK [6]
FUN 3: TICK [7]
FUN 3: TICK [8]
FUN 3: TICK [9]
FUN 3 IN BURST[23]
FUN 3: TICK [0]
FUN 3: TICK [1]
FUN 3: TICK [2]
FUN 3: TICK [3]
FUN 3: TICK [4]
FUN 3: TICK [5]
FUN 3: TICK [6]
FUN 3: TICK [7]
FUN 3: TICK [8]
FUN 3: TICK [9]
FUN 3 IN BURST[24]
FUN 3: TICK [0]
FUN 3: TICK [1]
FUN 3: TICK [2]
FUN 3: TICK [3]
FUN 3: TICK [4]
FUN 3: TICK [5]
FUN 3: TICK [6]
FUN 3: TICK [7]
FUN 3: TICK [8]
FUN 3: TICK [9]
FUN 3 IN BURST[25]
FUN 3: TICK [0]
FUN 3: TICK [1]
FUN 3: TICK [2]
FUN 4: TICK [6]
FUN 4: TICK [7]
FUN 4: TICK [8]
FUN 4: TICK [9]
FUN 4 IN BURST[28]
FUN 4: TICK [0]
FUN 4: TICK [1]
FUN 4: TICK [2]
FUN 4: TICK [3]
FUN 4: TICK [4]
FUN 4: TICK [5]
FUN 4: TICK [6]
FUN 4: TICK [7]
FUN 4: TICK [8]
FUN 4: TICK [9]
FUN 4 IN BURST[29]
FUN 4: TICK [0]
FUN 4: TICK [1]
FUN 4: TICK [2]
FUN 4: TICK [3]
FUN 4: TICK [4]
FUN 4: TICK [5]
FUN 4: TICK [6]
FUN 4: TICK [7]
FUN 4: TICK [8]
FUN 4: TICK [9]
FUN 4 IN BURST[30]
FUN 4: TICK [0]
FUN 4: TICK [1]
FUN 4: TICK [2]
FUN 4: TICK [3]
FUN 4: TICK [4]
FUN 4: TICK [5]
FUN 4: TICK [6]
FUN 4: TICK [7]
FUN 4: TICK [8]
FUN 4: TICK [9]
FUN 4 IN BURST[31]
FUN 4: TICK [0]
FUN 4: TICK [1]
FUN FUN 3: TICK [3]
FUN 3: TICK [4]
FUN 3: TICK [5]
FUN 3: TICK [6]
FUN 3: TICK [7]
FUN 3: TICK [8]
FUN 3: TICK [9]
FUN 3 IN BURST[26]
FUN 3: TICK [0]
FUN 3: TICK [1]
FUN 3: TICK [2]
FUN 3: TICK [3]
FUN 3: TICK [4]
FUN 3: TICK [5]
FUN 3: TICK [6]
FUN 3: TICK [7]
FUN 3: TICK [8]
FUN 3: TICK [9]
FUN 3 IN BURST[27]
FUN 3: TICK [0]
FUN 3: TICK [1]
FUN 3: TICK [2]
FUN 3: TICK [3]
FUN 3: TICK [4]
FUN 3: TICK [5]
FUN 3: TICK [6]
FUN 3: TICK [7]
FUN 3: TICK [8]
FUN 3: TICK [9]
FUN 3 IN BURST[28]
FUN 3: TICK [0]
FUN 3: TICK [1]
FUN 3: TICK [2]
FUN 3: TICK [3]
FUN 3: TICK [4]
FUN 3: TICK [5]
FUN 3: TICK [6]
FUN 3: TICK [7]
FUN 3: TICK [8]
FUN 3: TICK [9]
FUN 3 IN BURST[29]
FUN 3: TICK [0]
FUN 3: TICK [1]
4: TICK [2]
FUN 4: TICK [3]
FUN 4: TICK [4]
FUN 4: TICK [5]
FUN 4: TICK [6]
FUN 4: TICK [7]
FUN 4: TICK [8]
FUN 4: TICK [9]
FUN 4 IN BURST[32]
FUN 4: TICK [0]
FUN 4: TICK [1]
FUN 4: TICK [2]
FUN 4: TICK [3]
FUN 4: TICK [4]
FUN 4: TICK [5]
FUN 4: TICK [6]
FUN 4: TICK [7]
FUN 4: TICK [8]
FUN 4: TICK [9]
FUN 4 IN BURST[33]
FUN 4: TICK [0]
FUN 4: TICK [1]
FUN 4: TICK [2]
FUN 4: TICK [3]
FUN 4: TICK [4]
FUN 4: TICK [5]
FUN 4: TICK [6]
FUN 4: TICK [7]
FUN 4: TICK [8]
FUN 4: TICK [9]
FUN 4 IN BURST[34]
FUN 4: TICK [0]
FUN 4: TICK [1]
FUN 4: TICK [2]
FUN 4: TICK [3]
FUN 4: TICK [4]
FUN 4: TICK [5]
FUN 4: TICK [6]
FUN 4: TICK [7]
FUN 3: TICK [2]
FUN 3: TICK [3]
FUN 3: TICK [4]
FUN 3: TICK [5]
FUN 3: TICK [6]
FUN 3: TICK [7]
FUN 3: TICK [8]
FUN 3: TICK [9]
FUN 3 IN BURST[30]
FUN 3: TICK [0]
FUN 3: TICK [1]
FUN 3: TICK [2]
FUN 3: TICK [3]
FUN 3: TICK [4]
FUN 3: TICK [5]
FUN 3: TICK [6]
FUN 3: TICK [7]
FUN 3: TICK [8]
FUN 3: TICK [9]
FUN 3 IN BURST[31]
FUN 3: TICK [0]
FUN 3: TICK [1]
FUN 3: TICK [2]
FUN 3: TICK [3]
FUN 3: TICK [4]
FUN 3: TICK [5]
FUN 3: TICK [6]
FUN 3: TICK [7]
FUN 3: TICK [8]
FUN 3: TICK [9]
FUN 3 IN BURST[32]
FUN 3: TICK [0]
FUN 3: TICK [1]
FUN 4: TICK [8]
FUN 4: TICK [9]
FUN 4 IN BURST[35]
FUN 4: TICK [0]
FUN 4: TICK [1]
FUN 4: TICK [2]
FUN 4: TICK [3]
FUN 4: TICK [4]
FUN 4: TICK [5]
FUN 4: TICK [6]
FUN 4: TICK [7]
FUN 4: TICK [8]
FUN 4: TICK [9]
FUN 4 IN BURST[36]
FUN 4: TICK [0]
FUN 4: TICK [1]
FUN 4: TICK [2]
FUN 4: TICK [3]
FUN 4: TICK [4]
FUN 4: TICK [5]
FUN 4: TICK [6]
FUN 4: TICK [7]
FUN 4: TICK [8]
FUN 4: TICK [9]
FUN 4 IN BURST[37]
FUN 4: TICK [0]
FUN 4: TICK [1]
FUN 4: TICK [2]
FUN 4: TICK [3]
FUN 4: TICK [4]
FUN 4: TICK [5]
FUN 4: TICK [6]
FUN 4: TICK [7]
FUN 4: TICK [8]
FUN 4: TICK [9]
FUN 4 IN BURST[38]
FUN 4: TICK [0]
FUN 4: TICK [1]
FUN 4: TICK [2]
FUN 3: TICK [2]
FUN 3: TICK [3]
FUN 3: TICK [4]
FUN 3: TICK [5]
FUN 3: TICK [6]
FUN 3: TICK [7]
FUN 3: TICK [8]
FUN 3: TICK [9]
FUN 3 IN BURST[33]
FUN 3: TICK [0]
FUN 3: TICK [1]
FUN 3: TICK [2]
FUN 3: TICK [3]
FUN 3: TICK [4]
FUN 3: TICK [5]
FUN 3: TICK [6]
FUN 3: TICK [7]
FUN 3: TICK [8]
FUN 3: TICK [9]
FUN 3 IN BURST[34]
FUN 3: TICK [0]
FUN 3: TICK [1]
FUN 3: TICK [2]
FUN 3: TICK [3]
FUN 3: TICK [4]
FUN 3: TICK [5]
FUN 3: TICK [6]
FUN 3: TICK [7]
FUN 3: TICK [8]
FUN 3: TICK [9]
FUN 3 IN BURST[35]
FUN 3: TICK [0]
FUN 3: TICK [1]
FUN 3: TICK [2]
FUN 3: TICK [3]
FUN 3: TICK [4]
FUN 3: TICK [5]
FUN 3: TICK [6]
FUN 3: TICK [7]
FUN 3: TICK [8]
FUN 4: TICK [3]
FUN 4: TICK [4]
FUN 4: TICK [5]
FUN 4: TICK [6]
FUN 4: TICK [7]
FUN 4: TICK [8]
FUN 4: TICK [9]
FUN 4 IN BURST[39]
FUN 4: TICK [0]
FUN 4: TICK [1]
FUN 4: TICK [2]
FUN 4: TICK [3]
FUN 4: TICK [4]
FUN 4: TICK [5]
FUN 4: TICK [6]
FUN 4: TICK [7]
FUN 4: TICK [8]
FUN 4: TICK [9]
FUN 4 IN BURST[40]
FUN 4: TICK [0]
FUN 4: TICK [1]
FUN 4: TICK [2]
FUN 4: TICK [3]
FUN 4: TICK [4]
FUN 4: TICK [5]
FUN 4: TICK [6]
FUN 4: TICK [7]
FUN 4: TICK [8]
FUN 4: TICK [9]
FUN 4 IN BURST[41]
FUN 4: TICK [0]
FUN 4: TICK [1]
FUN 4: TICK [2]
FUN 4: TICK [3]
FUN 4: TICK [4]
FUN 4: TICK [5]
FUN 4: TICK [6]
FUN 4: TICK [7]
FUN 4: TICK [8]
FUN 4: TICK [9]
FUN 4 IN BURST[42]
FUN 4: TICK [0]
FUN 4: TICK [1]
FUN 4: TICK [2]
FUN 4: TICK [3]
FUN 3: TICK [9]
FUN 3 IN BURST[36]
FUN 3: TICK [0]
FUN 3: TICK [1]
FUN 3: TICK [2]
FUN 3: TICK [3]
FUN 3: TICK [4]
FUN 3: TICK [5]
FUN 3: TICK [6]
FUN 3: TICK [7]
FUN 3: TICK [8]
FUN 3: TICK [9]
FUN 3 IN BURST[37]
FUN 3: TICK [0]
FUN 3: TICK [1]
FUN 3: TICK [2]
FUN 3: TICK [3]
FUN 3: TICK [4]
FUN 3: TICK [5]
FUN 3: TICK [6]
FUN 3: TICK [7]
FUN 3: TICK [8]
FUN 3: TICK [9]
FUN 3 IN BURST[38]
FUN 3: TICK [0]
FUN 3: TICK [1]
FUN 3: TICK [2]
FUN 3: TICK [3]
FUN 3: TICK [4]
FUN 3: TICK [5]
FUN 3: TICK [6]
FUN 3: TICK [7]
FUN 3: TICK [8]
FUN 4: TICK [4]
FUN 4: TICK [5]
FUN 4: TICK [6]
FUN 4: TICK [7]
FUN 4: TICK [8]
FUN 4: TICK [9]
FUN 4 IN BURST[43]
FUN 4: TICK [0]
FUN 4: TICK [1]
FUN 4: TICK [2]
FUN 4: TICK [3]
FUN 4: TICK [4]
FUN 4: TICK [5]
FUN 4: TICK [6]
FUN 4: TICK [7]
FUN 4: TICK [8]
FUN 4: TICK [9]
FUN 4 IN BURST[44]
FUN 4: TICK [0]
FUN 4: TICK [1]
FUN 4: TICK [2]
FUN 4: TICK [3]
FUN 4: TICK [4]
FUN 4: TICK [5]
FUN 4: TICK [6]
FUN 4: TICK [7]
FUN 4: TICK [8]
FUN 4: TICK [9]
FUN 4 IN BURST[45]
FUN 4: TICK [0]
FUN 4: TICK [1]
FUN 4: TICK [2]
FUN 4: TICK [3]
FUN 4: TICK [4]
FUN 4: TICK [5]
FUN 4: TICK [6]
FUN 4: TICK [7]
FUN 4: TICK [8]
FUN 4: TICK [9]
FUN 4 IN BURST[46]
FUN 4: TICK [0]
FUN 4: TICK [1]
FUN 4: TICK [2]
FUN 4: TICK [3]
FUN 4: TICK [4]
FUN 3: TICK [9]
FUN 3 IN BURST[39]
FUN 3: TICK [0]
FUN 3: TICK [1]
FUN 3: TICK [2]
FUN 3: TICK [3]
FUN 3: TICK [4]
FUN 3: TICK [5]
FUN 3: TICK [6]
FUN 3: TICK [7]
FUN 3: TICK [8]
FUN 3: TICK [9]
FUN 3 IN BURST[40]
FUN 3: TICK [0]
FUN 3: TICK [1]
FUN 3: TICK [2]
FUN 3: TICK [3]
FUN 3: TICK [4]
FUN 3: TICK [5]
FUN 3: TICK [6]
FUN 3: TICK [7]
FUN 3: TICK [8]
FUN 3: TICK [9]
FUN 3 IN BURST[41]
FUN 3: TICK [0]
FUN 3: TICK [1]
FUN 3: TICK [2]
FUN 3: TICK [3]
FUN 3: TICK [4]
FUN 3: TICK [5]
FUN 3: TICK [6]
FUN 3: TICK [7]
FUN 3: TICK [8]
FUN 3: TICK [9]
FUN 3 IN BURST[42]
FUN 3: TICK [0]
FUN 3: TICK [1]
FUN 3: TICK [2]
FUN 3: TICK [3]
FUN 3: TICK [4]
FUN 3: TICKFUN 4: TICK [5]
FUN 4: TICK [6]
FUN 4: TICK [7]
FUN 4: TICK [8]
FUN 4: TICK [9]
FUN 4 IN BURST[47]
FUN 4: TICK [0]
FUN 4: TICK [1]
FUN 4: TICK [2]
FUN 4: TICK [3]
FUN 4: TICK [4]
FUN 4: TICK [5]
FUN 4: TICK [6]
FUN 4: TICK [7]
FUN 4: TICK [8]
FUN 4: TICK [9]
FUN 4 IN BURST[48]
FUN 4: TICK [0]
FUN 4: TICK [1]
FUN 4: TICK [2]
FUN 4: TICK [3]
FUN 4: TICK [4]
FUN 4: TICK [5]
FUN 4: TICK [6]
FUN 4: TICK [7]
FUN 4: TICK [8]
FUN 4: TICK [9]
FUN 4 IN BURST[49]
FUN 4: TICK [0]
FUN 4: TICK [1]
FUN 4: TICK [2]
FUN 4: TICK [3]
FUN 4: TICK [4]
FUN 4: TICK [5]
FUN 4: TICK [6]
FUN 4: TICK [7]
FUN 4: TICK [8]
FUN 4: TICK [9]
FUN 4 IN BURST[50]
FUN 4: TICK [0]
FUN 4: TICK [1]
FUN 4: TICK [2]
FUN 4: TICK [3]
FUN 4: TICK [4]
 [5]
FUN 3: TICK [6]
FUN 3: TICK [7]
FUN 3: TICK [8]
FUN 3: TICK [9]
FUN 3 IN BURST[43]
FUN 3: TICK [0]
FUN 3: TICK [1]
FUN 3: TICK [2]
FUN 3: TICK [3]
FUN 3: TICK [4]
FUN 3: TICK [5]
FUN 3: TICK [6]
FUN 3: TICK [7]
FUN 3: TICK [8]
FUN 3: TICK [9]
FUN 3 IN BURST[44]
FUN 3: TICK [0]
FUN 3: TICK [1]
FUN 3: TICK [2]
FUN 3: TICK [3]
FUN 3: TICK [4]
FUN 3: TICK [5]
FUN 3: TICK [6]
FUN 3: TICK [7]
FUN 3: TICK [8]
FUN 3: TICK [9]
FUN 3 IN BURST[45]
FUN 3: TICK [0]
FUN 3: TICK [1]
FUN 3: TICK [2]
FUN 3: TICK [3]
FUN 4: TICK [5]
FUN 4: TICK [6]
FUN 4: TICK [7]
FUN 4: TICK [8]
FUN 4: TICK [9]
FUN 4 IN BURST[51]
FUN 4: TICK [0]
FUN 4: TICK [1]
FUN 4: TICK [2]
FUN 4: TICK [3]
FUN 4: TICK [4]
FUN 4: TICK [5]
FUN 4: TICK [6]
FUN 4: TICK [7]
FUN 4: TICK [8]
FUN 4: TICK [9]
FUN 4 IN BURST[52]
FUN 4: TICK [0]
FUN 4: TICK [1]
FUN 4: TICK [2]
FUN 4: TICK [3]
FUN 4: TICK [4]
FUN 4: TICK [5]
FUN 4: TICK [6]
FUN 4: TICK [7]
FUN 4: TICK [8]
FUN 4: TICK [9]
FUN 4 IN BURST[53]
FUN 4: TICK [0]
FUN 4: TICK [1]
FUN 4: TICK [2]
FUN 4: TICK [3]
FUN 4: TICK [4]
FUN 4: TICK [5]
FUN 4: TICK [6]
FUN 4: TICK [7]
FUN 4: TICK [8]
FUN 4: TICK [9]
FUN 4 IN BURST[54]
FUN 3: TICK [4]
FUN 3: TICK [5]
FUN 3: TICK [6]
FUN 3: TICK [7]
FUN 3: TICK [8]
FUN 3: TICK [9]
FUN 3 IN BURST[46]
FUN 3: TICK [0]
FUN 3: TICK [1]
FUN 3: TICK [2]
FUN 3: TICK [3]
FUN 3: TICK [4]
FUN 3: TICK [5]
FUN 3: TICK [6]
FUN 3: TICK [7]
FUN 3: TICK [8]
FUN 3: TICK [9]
FUN 3 IN BURST[47]
FUN 3: TICK [0]
FUN 3: TICK [1]
FUN 3: TICK [2]
FUN 3: TICK [3]
FUN 3: TICK [4]
FUN 3: TICK [5]
FUN 3: TICK [6]
FUN 3: TICK [7]
FUN 3: TICK [8]
FUN 3: TICK [9]
FUN 3 IN BURST[48]
FUN 3: TICK [0]
FUN 3: TICK [1]
FUN 3: TICK [2]
FUN 3: TICK [3]
FUN 3: TICK [4]
FUN 3: TICK [5]
FUN 3: TICK [6]
FUN 3: TICK [7]
FUN 3: TICK [8]
FUN 3: TICK [9]
FUN 3 IN BURST[49]
FUN 3: TICK [0]
FUN 3: TICK [1]
FUN 4: TICK [0]
FUN 4: TICK [1]
FUN 4: TICK [2]
FUN 4: TICK [3]
FUN 4: TICK [4]
FUN 4: TICK [5]
FUN 4: TICK [6]
FUN 4: TICK [7]
FUN 4: TICK [8]
FUN 4: TICK [9]
FUN 4 IN BURST[55]
FUN 4: TICK [0]
FUN 4: TICK [1]
FUN 4: TICK [2]
FUN 4: TICK [3]
FUN 4: TICK [4]
FUN 4: TICK [5]
FUN 4: TICK [6]
FUN 4: TICK [7]
FUN 4: TICK [8]
FUN 4: TICK [9]
FUN 4 IN BURST[56]
FUN 4: TICK [0]
FUN 4: TICK [1]
FUN 4: TICK [2]
FUN 4: TICK [3]
FUN 4: TICK [4]
FUN 4: TICK [5]
FUN 4: TICK [6]
FUN 4: TICK [7]
FUN 4: TICK [8]
FUN 4: TICK [9]
FUN 4 IN BURST[57]
FUN 4: TICK [0]
FUN 4: TICK [1]
FUN 4: TICK [2]
FUN 4: TICK [3]
FUN 4: TICK [4]
FUN 4: TICK [5]
FUN 4: TICK [6]
FUN 4: TICK [7]
FUN 4: TICK [8]
FUN 3: TICK [2]
FUN 3: TICK [3]
FUN 3: TICK [4]
FUN 3: TICK [5]
FUN 3: TICK [6]
FUN 3: TICK [7]
FUN 3: TICK [8]
FUN 3: TICK [9]
FUN 3 IN BURST[50]
FUN 3: TICK [0]
FUN 3: TICK [1]
FUN 3: TICK [2]
FUN 3: TICK [3]
FUN 3: TICK [4]
FUN 3: TICK [5]
FUN 3: TICK [6]
FUN 3: TICK [7]
FUN 3: TICK [8]
FUN 3: TICK [9]
FUN 3 IN BURST[51]
FUN 3: TICK [0]
FUN 3: TICK [1]
FUN 3: TICK [2]
FUN 3: TICK [3]
FUN 3: TICK [4]
FUN 3: TICK [5]
FUN 3: TICK [6]
FUN 3: TICK [7]
FUN 3: TICK [8]
FUN 3: TICK [9]
FUN 3 IN BURST[52]
FUN 3: TICK [0]
FUN 3: TICK [1]
FUN 4: TICK [9]
FUN 4 IN BURST[58]
FUN 4: TICK [0]
FUN 4: TICK [1]
FUN 4: TICK [2]
FUN 4: TICK [3]
FUN 4: TICK [4]
FUN 4: TICK [5]
FUN 4: TICK [6]
FUN 4: TICK [7]
FUN 4: TICK [8]
FUN 4: TICK [9]
FUN 4 IN BURST[59]
FUN 4: TICK [0]
FUN 4: TICK [1]
FUN 4: TICK [2]
FUN 4: TICK [3]
FUN 4: TICK [4]
FUN 4: TICK [5]
FUN 4: TICK [6]
FUN 4: TICK [7]
FUN 4: TICK [8]
FUN 4: TICK [9]
FUN 4 IN BURST[60]
FUN 4: TICK [0]
FUN 4: TICK [1]
FUN 4: TICK [2]
FUN 4: TICK [3]
FUN 4: TICK [4]
FUN 4: TICK [5]
FUN 4: TICK [6]
FUN 4: TICK [7]
FUN 4: TICK [8]
FUN 4: TICK [9]
FUN 4 IN BURST[61]
FUN 4: TICK [0]
FUN 4: TICK [1]
FUN 4: TICK [2]
FUN 4: TICK [3]
FUN 4: TICK [4]
FUN 4: TICK [5]
FUN 4: TICK [6]
FUN 4: TICK [7]
FUN 4: TICK [8]FUN 3: TICK [2]
FUN 3: TICK [3]
FUN 3: TICK [4]
FUN 3: TICK [5]
FUN 3: TICK [6]
FUN 3: TICK [7]
FUN 3: TICK [8]
FUN 3: TICK [9]
FUN 3 IN BURST[53]
FUN 3: TICK [0]
FUN 3: TICK [1]
FUN 3: TICK [2]
FUN 3: TICK [3]
FUN 3: TICK [4]
FUN 3: TICK [5]
FUN 3: TICK [6]
FUN 3: TICK [7]
FUN 3: TICK [8]
FUN 3: TICK [9]
FUN 3 IN BURST[54]
FUN 3: TICK [0]
FUN 3: TICK [1]
FUN 3: TICK [2]
FUN 3: TICK [3]
FUN 3: TICK [4]
FUN 3: TICK [5]
FUN 3: TICK [6]
FUN 3: TICK [7]
FUN 3: TICK [8]
FUN 3: TICK [9]
FUN 3 IN BURST[55]
FUN 3: TICK [0]
FUN 3: TICK [1]
FUN 3: TICK [2]
FUN 3: TICK [3]
FUN 3: TICK [4]
FUN 3: TICK [5]
FUN 3: TICK [6]
FUN 3: TICK [7]
FUN 3: TICK [8]
FUN 3: TICK [9]
FUN 3 IN BURST[56]
FUN 3: TICK [0]
FUN 3: TICK [1]
FUN 3: TICK [2]
FUN 3: TICK [3]
FUN 3: TICK [4]

FUN 4: TICK [9]
FUN 4 IN BURST[62]
FUN 4: TICK [0]
FUN 4: TICK [1]
FUN 4: TICK [2]
FUN 4: TICK [3]
FUN 4: TICK [4]
FUN 4: TICK [5]
FUN 4: TICK [6]
FUN 4: TICK [7]
FUN 4: TICK [8]
FUN 4: TICK [9]
FUN 4 IN BURST[63]
FUN 4: TICK [0]
FUN 4: TICK [1]
FUN 4: TICK [2]
FUN 4: TICK [3]
FUN 4: TICK [4]
FUN 4: TICK [5]
FUN 4: TICK [6]
FUN 4: TICK [7]
FUN 4: TICK [8]
FUN 4: TICK [9]
FUN 4 IN BURST[64]
FUN 4: TICK [0]
FUN 4: TICK [1]
FUN 4: TICK [2]
FUN 4: TICK [3]
FUN 4: TICK [4]
FUN 4: TICK [5]
FUN 4: TICK [6]
FUN 4: TICK [7]
FUN 4: TICK [8]
FUN 4: TICK [9]
FUN 4 IN BURST[65]
FUN 4: TICK [0]
FUN 4: TICK [1]
FUN 4: TICK [2]
One second has passed
FUN 3: TICK [5]
FUN 3: TICK [6]
FUN 3: TICK [7]
FUN 3: TICK [8]
FUN 3: TICK [9]
FUN 3 IN BURST[57]
FUN 3: TICK [0]
FUN 3: TICK [1]
FUN 3: TICK [2]
FUN 3: TICK [3]
FUN 3: TICK [4]
FUN 3: TICK [5]
FUN 3: TICK [6]
FUN 3: TICK [7]
FUN 3: TICK [8]
FUN 3: TICK [9]
FUN 3 IN BURST[58]
FUN 3: TICK [0]
FUN 3: TICK [1]
FUN 3: TICK [2]
FUN 3: TICK [3]
FUN 3: TICK [4]
FUN 3: TICK [5]
FUN 3: TICK [6]
FUN 3: TICK [7]
FUN 3: TICK [8]
FUN 3: TICK [9]
FUN 3 IN BURST[59]
FUN 3: TICK [0]
FUN 4: TICK [3]
FUN 4: TICK [4]
FUN 4: TICK [5]
FUN 4: TICK [6]
FUN 4: TICK [7]
FUN 4: TICK [8]
FUN 4: TICK [9]
FUN 4 IN BURST[66]
FUN 4: TICK [0]
FUN 4: TICK [1]
FUN 4: TICK [2]
FUN 4: TICK [3]
FUN 4: TICK [4]
FUN 4: TICK [5]
FUN 4: TICK [6]
FUN 4: TICK [7]
FUN 4: TICK [8]
FUN 4: TICK [9]
FUN 4 IN BURST[67]
FUN 4: TICK [0]
FUN 4: TICK [1]
FUN 4: TICK [2]
FUN 4: TICK [3]
FUN 4: TICK [4]
FUN 4: TICK [5]
FUN 4: TICK [6]
FUN 4: TICK [7]
FUN 4: TICK [8]
FUN 4: TICK [9]
FUN 4 IN BURST[68]
FUN 4: TICK [0]
FUN 4: TICK [1]
FUN 4: TICK [2]
FUN 4: TICK [3]
FUN 4: TICK [4]
FUN 4: TICK [5]
FUN 4: TICK [6]
FUN 4: TICK [7]
FUN 4: TICK [8]
FUN 4: TICK [9]
FUN 4 IN BURST[69]
FUN 4: TICK [0]
FUN 3: TICK [1]
FUN 3: TICK [2]
FUN 3: TICK [3]
FUN 3: TICK [4]
FUN 3: TICK [5]
FUN 3: TICK [6]
FUN 3: TICK [7]
FUN 3: TICK [8]
FUN 3: TICK [9]
FUN 3 IN BURST[60]
FUN 3: TICK [0]
FUN 3: TICK [1]
FUN 3: TICK [2]
FUN 3: TICK [3]
FUN 3: TICK [4]
FUN 3: TICK [5]
FUN 3: TICK [6]
FUN 3: TICK [7]
FUN 3: TICK [8]
FUN 3: TICK [9]
FUN 3 IN BURST[61]
FUN 3: TICK [0]
FUN 3: TICK [1]
FUN 3: TICK [2]
FUN 3: TICK [3]
FUN 3: TICK [4]
FUN 3: TICK [5]
FUN 3: TICK [6]
FUN 3: TICK [7]
FUN 3: TICK [8]
FUN 3: TICK [9]
FUN 3 IN BURST[62]
FUN 3: TICK [0]
FUN 3: TICK [1]
FUN 3: TICK [2]
FUN 3: TICK [3]
FUN 3: TICK [4]
FUN 3: TICK [5]
FUN 3: TICK [6]
FUN 3: TICK [7]
FUN 3: TICK [8]
FUN 4: TICK [1]
FUN 4: TICK [2]
FUN 4: TICK [3]
FUN 4: TICK [4]
FUN 4: TICK [5]
FUN 4: TICK [6]
FUN 4: TICK [7]
FUN 4: TICK [8]
FUN 4: TICK [9]
FUN 4 IN BURST[70]
FUN 4: TICK [0]
FUN 4: TICK [1]
FUN 4: TICK [2]
FUN 4: TICK [3]
FUN 4: TICK [4]
FUN 4: TICK [5]
FUN 4: TICK [6]
FUN 4: TICK [7]
FUN 4: TICK [8]
FUN 4: TICK [9]
FUN 4 IN BURST[71]
FUN 4: TICK [0]
FUN 4: TICK [1]
FUN 4: TICK [2]
FUN 4: TICK [3]
FUN 4: TICK [4]
FUN 4: TICK [5]
FUN 4: TICK [6]
FUN 4: TICK [7]
FUN 4: TICK [8]
FUN 4: TICK [9]
FUN 4 IN BURST[72]
FUN 4: TICK [0]
FUN 4: TICK [1]
FUN 4: TICK [2]
FUN 4: TICK [3]
FUN 4: TICK [4]
FUN 4: TICK [5]
FUN 3: TICK [9]
FUN 3 IN BURST[63]
FUN 3: TICK [0]
FUN 3: TICK [1]
FUN 3: TICK [2]
FUN 3: TICK [3]
FUN 3: TICK [4]
FUN 3: TICK [5]
FUN 3: TICK [6]
FUN 3: TICK [7]
FUN 3: TICK [8]
FUN 3: TICK [9]
FUN 3 IN BURST[64]
FUN 3: TICK [0]
FUN 3: TICK [1]
FUN 3: TICK [2]
FUN 3: TICK [3]
FUN 3: TICK [4]
FUN 3: TICK [5]
FUN 3: TICK [6]
FUN 3: TICK [7]
FUN 3: TICK [8]
FUN 3: TICK [9]
FUN 3 IN BURST[65]
FUN 3: TICK [0]
FUN 3: TICK [1]
FUN 3: TICK [2]
FUN 3: TICK [3]
FUN 3: TICK [4]
FUN 3: TICK [5]
FUN 3: TICK [6]
FUN 3: TICK [7]
FUN 4: TICK [6]
FUN 4: TICK [7]
FUN 4: TICK [8]
FUN 4: TICK [9]
FUN 4 IN BURST[73]
FUN 4: TICK [0]
FUN 4: TICK [1]
FUN 4: TICK [2]
FUN 4: TICK [3]
FUN 4: TICK [4]
FUN 4: TICK [5]
FUN 4: TICK [6]
FUN 4: TICK [7]
FUN 4: TICK [8]
FUN 4: TICK [9]
FUN 4 IN BURST[74]
FUN 4: TICK [0]
FUN 4: TICK [1]
FUN 4: TICK [2]
FUN 4: TICK [3]
FUN 4: TICK [4]
FUN 4: TICK [5]
FUN 4: TICK [6]
FUN 4: TICK [7]
FUN 4: TICK [8]
FUN 4: TICK [9]
FUN 4 IN BURST[75]
FUN 4: TICK [0]
FUN 4: TICK [1]
FUN 4: TICK [2]
FUN 4: TICK [3]
FUN 4: TICK [4]
FUN 4: TICK [5]
FUN 4: TICK [6]
FUN 4: TICK [7]
FUN 4: TICK [8]
FUN 4: TICK [9]
FUN 4 IN BURST[76]
FUN 4: TICK [0]
FUN 4: TICK [1]
FUN 4: TICK [2]
FUN 4: TICK [3]
FUN 4: TICK [4]
FUN 4: TICK [5]
FUN 4: TICK [6]
FUN 3: TICK [8]
FUN 3: TICK [9]
FUN 3 IN BURST[66]
FUN 3: TICK [0]
FUN 3: TICK [1]
FUN 3: TICK [2]
FUN 3: TICK [3]
FUN 3: TICK [4]
FUN 3: TICK [5]
FUN 3: TICK [6]
FUN 3: TICK [7]
FUN 3: TICK [8]
FUN 3: TICK [9]
FUN 3 IN BURST[67]
FUN 3: TICK [0]
FUN 3: TICK [1]
FUN 3: TICK [2]
FUN 3: TICK [3]
FUN 3: TICK [4]
FUN 3: TICK [5]
FUN 3: TICK [6]
FUN 3: TICK [7]
FUN 3: TICK [8]
FUN 3: TICK [9]
FUN 3 IN BURST[68]
FUN 3: TICK [0]
FUN 3: TICK [1]
FUN 3: TICK [2]
FUN 3: TICK [3]
FUN 3: TICK [4]
FUN 3: TICK [5]
FUN 3: TICK [6]
FUN 3: TICK [7]
FUN 3: TICK [8]
FUN 3: TICK [9]
FUN 3 IN BURST[69]
FUN 3: TICK [0]
FUN 3: TICK [1]
FUN 3: TICK [2]
FUN 3: TICK [3]
FUN 3: TICK [4]
FUN 3: TICK [5]
FUN 4: TICK [7]
FUN 4: TICK [8]
FUN 4: TICK [9]
FUN 4 IN BURST[77]
FUN 4: TICK [0]
FUN 4: TICK [1]
FUN 4: TICK [2]
FUN 4: TICK [3]
FUN 4: TICK [4]
FUN 4: TICK [5]
FUN 4: TICK [6]
FUN 4: TICK [7]
FUN 4: TICK [8]
FUN 4: TICK [9]
FUN 4 IN BURST[78]
FUN 4: TICK [0]
FUN 4: TICK [1]
FUN 4: TICK [2]
FUN 4: TICK [3]
FUN 4: TICK [4]
FUN 4: TICK [5]
FUN 4: TICK [6]
FUN 4: TICK [7]
FUN 4: TICK [8]
FUN 4: TICK [9]
FUN 4 IN BURST[79]
FUN 4: TICK [0]
FUN 4: TICK [1]
FUN 4: TICK [2]
FUN 4: TICK [3]
FUN 4: TICK [4]
FUN 4: TICK [5]
FUN 4: TICK [6]
FUN 4: TICK [7]
FUN 4: TICK [8]
FUN 4: TICK [9]
FUN 4 IN BURST[80]
FUN 4: TICK [0]
FUN 4: TICK [1]
FUN 4: TICK [2]
FUN 4: TICK [3]
FUN 4: TICK [4]
FUN 3: TICK [6]
FUN 3: TICK [7]
FUN 3: TICK [8]
FUN 3: TICK [9]
FUN 3 IN BURST[70]
FUN 3: TICK [0]
FUN 3: TICK [1]
FUN 3: TICK [2]
FUN 3: TICK [3]
FUN 3: TICK [4]
FUN 3: TICK [5]
FUN 3: TICK [6]
FUN 3: TICK [7]
FUN 3: TICK [8]
FUN 3: TICK [9]
FUN 3 IN BURST[71]
FUN 3: TICK [0]
FUN 3: TICK [1]
FUN 3: TICK [2]
FUN 3: TICK [3]
FUN 3: TICK [4]
FUN 3: TICK [5]
FUN 3: TICK [6]
FUN 3: TICK [7]
FUN 3: TICK [8]
FUN 3: TICK [9]
FUN 3 IN BURST[72]
FUN 3: TICK [0]
FUN 3: TICK [1]
FUN 3: TICK [2]
FUN 3: TICK [3]
FUN 3: TICK [4]
FUN 3: TICK [5]
FUN 3: TICK [6]
FUN 3: TICK [7]
FUN 4: TICK [5]
FUN 4: TICK [6]
FUN 4: TICK [7]
FUN 4: TICK [8]
FUN 4: TICK [9]
FUN 4 IN BURST[81]
FUN 4: TICK [0]
FUN 4: TICK [1]
FUN 4: TICK [2]
FUN 4: TICK [3]
FUN 4: TICK [4]
FUN 4: TICK [5]
FUN 4: TICK [6]
FUN 4: TICK [7]
FUN 4: TICK [8]
FUN 4: TICK [9]
FUN 4 IN BURST[82]
FUN 4: TICK [0]
FUN 4: TICK [1]
FUN 4: TICK [2]
FUN 4: TICK [3]
FUN 4: TICK [4]
FUN 4: TICK [5]
FUN 4: TICK [6]
FUN 4: TICK [7]
FUN 4: TICK [8]
FUN 4: TICK [9]
FUN 4 IN BURST[83]
FUN 4: TICK [0]
FUN 4: TICK [1]
FUN 4: TICK [2]
FUN 4: TICK [3]
FUN 4: TICK [4]
FUN 4: TICK [5]
FUN 4: TICK [6]
FUN 4: TICK [7]
FUN 4: TICK [8]
FUN 4: TICK [9]
FUN 4 IN BURST[84]
FUN 4: TICK [0]
FUN 3: TICK [8]
FUN 3: TICK [9]
FUN 3 IN BURST[73]
FUN 3: TICK [0]
FUN 3: TICK [1]
FUN 3: TICK [2]
FUN 3: TICK [3]
FUN 3: TICK [4]
FUN 3: TICK [5]
FUN 3: TICK [6]
FUN 3: TICK [7]
FUN 3: TICK [8]
FUN 3: TICK [9]
FUN 3 IN BURST[74]
FUN 3: TICK [0]
FUN 3: TICK [1]
FUN 3: TICK [2]
FUN 3: TICK [3]
FUN 3: TICK [4]
FUN 3: TICK [5]
FUN 3: TICK [6]
FUN 3: TICK [7]
FUN 3: TICK [8]
FUN 3: TICK [9]
FUN 3 IN BURST[75]
FUN 3: TICK [0]
FUN 3: TICK [1]
FUN 3: TICK [2]
FUN 3: TICK [3]
FUN 3: TICK [4]
FUN 3: TICK [5]
FUN 3: TICK [6]
FUN 3: TICK [7]
FUN 3: TICK [8]
FUN 3: TICK [9]
FUN 3 IN BURST[76]
FUN 3: TICK [0]
FUN 3: TICK [1]
FUN 3: TICK [2]
FUN 3: TICK [3]
FUN 3: TICK [4]
FUN 4: TICK [1]
FUN 4: TICK [2]
FUN 4: TICK [3]
FUN 4: TICK [4]
FUN 4: TICK [5]
FUN 4: TICK [6]
FUN 4: TICK [7]
FUN 4: TICK [8]
FUN 4: TICK [9]
FUN 4 IN BURST[85]
FUN 4: TICK [0]
FUN 4: TICK [1]
FUN 4: TICK [2]
FUN 4: TICK [3]
FUN 4: TICK [4]
FUN 4: TICK [5]
FUN 4: TICK [6]
FUN 4: TICK [7]
FUN 4: TICK [8]
FUN 4: TICK [9]
FUN 4 IN BURST[86]
FUN 4: TICK [0]
FUN 4: TICK [1]
FUN 4: TICK [2]
FUN 4: TICK [3]
FUN 4: TICK [4]
FUN 4: TICK [5]
FUN 4: TICK [6]
FUN 4: TICK [7]
FUN 4: TICK [8]
FUN 4: TICK [9]
FUN 4 IN BURST[87]
FUN 4: TICK [0]
FUN 4: TICK [1]
FUN 4: TICK [2]
FUN 4: TICK [3]
FUN 4: TICK [4]
FUN 4: TICK [5]
FUN 4: TICK [6]
FUN 4: TICK [7]
FUN 4: TICK [8]
FUN 4: TICK [9]
FUN 4 IN BURST[88]
FUN 3: TICK [5]
FUN 3: TICK [6]
FUN 3: TICK [7]
FUN 3: TICK [8]
FUN 3: TICK [9]
FUN 3 IN BURST[77]
FUN 3: TICK [0]
FUN 3: TICK [1]
FUN 3: TICK [2]
FUN 3: TICK [3]
FUN 3: TICK [4]
FUN 3: TICK [5]
FUN 3: TICK [6]
FUN 3: TICK [7]
FUN 3: TICK [8]
FUN 3: TICK [9]
FUN 3 IN BURST[78]
FUN 3: TICK [0]
FUN 3: TICK [1]
FUN 3: TICK [2]
FUN 3: TICK [3]
FUN 3: TICK [4]
FUN 3: TICK [5]
FUN 3: TICK [6]
FUN 3: TICK [7]
FUN 3: TICK [8]
FUN 3: TICK [9]
FUN 3 IN BURST[79]
FUN 3: TICK [0]
FUN 3: TICK [1]
FUN 3: TICK [2]
FUN 3: TICK [3]
FUN 3: TICK [4]
FUN 3: TICK [5]
FUN 3: TICK [6]
FUN 3: TICK [7]
FUN 3: TICK [8]
FUN 4: TICK [0]
FUN 4: TICK [1]
FUN 4: TICK [2]
FUN 4: TICK [3]
FUN 4: TICK [4]
FUN 4: TICK [5]
FUN 4: TICK [6]
FUN 4: TICK [7]
FUN 4: TICK [8]
FUN 4: TICK [9]
FUN 4 IN BURST[89]
FUN 4: TICK [0]
FUN 4: TICK [1]
FUN 4: TICK [2]
FUN 4: TICK [3]
FUN 4: TICK [4]
FUN 4: TICK [5]
FUN 4: TICK [6]
FUN 4: TICK [7]
FUN 4: TICK [8]
FUN 4: TICK [9]
FUN 4 IN BURST[90]
FUN 4: TICK [0]
FUN 4: TICK [1]
FUN 4: TICK [2]
FUN 4: TICK [3]
FUN 4: TICK [4]
FUN 4: TICK [5]
FUN 4: TICK [6]
FUN 4: TICK [7]
FUN 4: TICK [8]
FUN 4: TICK [9]
FUN 4 IN BURST[91]
FUN 4: TICK [0]
FUN 4: TICK [1]
FUN 4: TICK [2]
FUN 4: TICK [3]
FUN 4: TICK [4]
FUN 4: TICK [5]
FUN 4: TICK [6]
FUN 3: TICK [9]
FUN 3 IN BURST[80]
FUN 3: TICK [0]
FUN 3: TICK [1]
FUN 3: TICK [2]
FUN 3: TICK [3]
FUN 3: TICK [4]
FUN 3: TICK [5]
FUN 3: TICK [6]
FUN 3: TICK [7]
FUN 3: TICK [8]
FUN 3: TICK [9]
FUN 3 IN BURST[81]
FUN 3: TICK [0]
FUN 3: TICK [1]
FUN 3: TICK [2]
FUN 3: TICK [3]
FUN 3: TICK [4]
FUN 3: TICK [5]
FUN 3: TICK [6]
FUN 3: TICK [7]
FUN 3: TICK [8]
FUN 3: TICK [9]
FUN 3 IN BURST[82]
FUN 3: TICK [0]
FUN 3: TICK [1]
FUN 3: TICK [2]
FUN 3: TICK [3]
FUN 3: TICK [4]
FUN 3: TICK [5]
FUN 3: TICK [6]
FUN 3: TICK [7]
FUN 3: TICK [8]
FUN 3: TICK [9]
FUN 3 IN BURST[83]
FUN 3: TICK [0]
FUN 3: TICK [1]
FUN 3: TICK [2]
FUN 3: TICK [3]
FUN 3: TICK [4]
FUN 3: TICK [5]
FUN 4: TICK [7]
FUN 4: TICK [8]
FUN 4: TICK [9]
FUN 4 IN BURST[92]
FUN 4: TICK [0]
FUN 4: TICK [1]
FUN 4: TICK [2]
FUN 4: TICK [3]
FUN 4: TICK [4]
FUN 4: TICK [5]
FUN 4: TICK [6]
FUN 4: TICK [7]
FUN 4: TICK [8]
FUN 4: TICK [9]
FUN 4 IN BURST[93]
FUN 4: TICK [0]
FUN 4: TICK [1]
FUN 4: TICK [2]
FUN 4: TICK [3]
FUN 4: TICK [4]
FUN 4: TICK [5]
FUN 4: TICK [6]
FUN 4: TICK [7]
FUN 4: TICK [8]
FUN 4: TICK [9]
FUN 4 IN BURST[94]
FUN 4: TICK [0]
FUN 4: TICK [1]
FUN 4: TICK [2]
FUN 4: TICK [3]
FUN 4: TICK [4]
FUN 4: TICK [5]
FUN 4: TICK [6]
FUN 4: TICK [7]
FUN 4: TICK [8]
FUN 4: TICK [9]
FUN 4 IN BURST[95]
FUN 4: TICK [0]
FUN 4: TICK [1]
FUN 4: TICK [2]
FUN 4: TICK [3]
FUN 4: TICK [4]
FUN 4: TICK [5]
FUN 3: TICK [6]
FUN 3: TICK [7]
FUN 3: TICK [8]
FUN 3: TICK [9]
FUN 3 IN BURST[84]
FUN 3: TICK [0]
FUN 3: TICK [1]
FUN 3: TICK [2]
FUN 3: TICK [3]
FUN 3: TICK [4]
FUN 3: TICK [5]
FUN 3: TICK [6]
FUN 3: TICK [7]
FUN 3: TICK [8]
FUN 3: TICK [9]
FUN 3 IN BURST[85]
FUN 3: TICK [0]
FUN 3: TICK [1]
FUN 3: TICK [2]
FUN 3: TICK [3]
FUN 3: TICK [4]
FUN 3: TICK [5]
FUN 3: TICK [6]
FUN 3: TICK [7]
FUN 3: TICK [8]
FUN 3: TICK [9]
FUN 3 IN BURST[86]
FUN 3: TICK [0]
FUN 3: TICK [1]
FUN 3: TICK [2]
FUN 3: TICK [3]
FUN 3: TICK [4]
FUN 3: TICK [5]
FUN 3: TICK [6]
FUN 4: TICK [6]
FUN 4: TICK [7]
FUN 4: TICK [8]
FUN 4: TICK [9]
FUN 4 IN BURST[96]
FUN 4: TICK [0]
FUN 4: TICK [1]
FUN 4: TICK [2]
FUN 4: TICK [3]
FUN 4: TICK [4]
FUN 4: TICK [5]
FUN 4: TICK [6]
FUN 4: TICK [7]
FUN 4: TICK [8]
FUN 4: TICK [9]
FUN 4 IN BURST[97]
FUN 4: TICK [0]
FUN 4: TICK [1]
FUN 4: TICK [2]
FUN 4: TICK [3]
FUN 4: TICK [4]
FUN 4: TICK [5]
FUN 4: TICK [6]
FUN 4: TICK [7]
FUN 4: TICK [8]
FUN 4: TICK [9]
FUN 4 IN BURST[98]
FUN 4: TICK [0]
FUN 4: TICK [1]
FUN 4: TICK [2]
FUN 4: TICK [3]
FUN 4: TICK [4]
FUN 4: TICK [5]
FUN 4: TICK [6]
FUN 4: TICK [7]
FUN 4: TICK [8]
FUN 4: TICK [9]
FUN 4 IN BURST[99]
FUN 4: TICK [0]
FUN 4: TICK [1]
FUN 3: TICK [7]
FUN 3: TICK [8]
FUN 3: TICK [9]
FUN 3 IN BURST[87]
FUN 3: TICK [0]
FUN 3: TICK [1]
FUN 3: TICK [2]
FUN 3: TICK [3]
FUN 3: TICK [4]
FUN 3: TICK [5]
FUN 3: TICK [6]
FUN 3: TICK [7]
FUN 3: TICK [8]
FUN 3: TICK [9]
FUN 3 IN BURST[88]
FUN 3: TICK [0]
FUN 3: TICK [1]
FUN 3: TICK [2]
FUN 3: TICK [3]
FUN 3: TICK [4]
FUN 3: TICK [5]
FUN 3: TICK [6]
FUN 3: TICK [7]
FUN 3: TICK [8]
FUN 3: TICK [9]
FUN 3 IN BURST[89]
FUN 3: TICK [0]
FUN 3: TICK [1]
FUN 3: TICK [2]
FUN 3: TICK [3]
FUN 3: TICK [4]
FUN 3: TICK [5]
FUN 3: TICK [6]
FUN 3: TICK [7]
FUN 3: TICK [8]
FUN 3: TICK [9]
FUN 3 IN BURST[90]
FUN 3: TICK [0]
FUN 3: TICK [1]
FUN 3: TICK [2]
FUN 3: TICK [3]
FUN 4: TICK [2]
FUN 4: TICK [3]
FUN 4: TICK [4]
FUN 4: TICK [5]
FUN 4: TICK [6]
FUN 4: TICK [7]
FUN 4: TICK [8]
FUN 4: TICK [9]
FUN 4 IN BURST[100]
FUN 4: TICK [0]
FUN 4: TICK [1]
FUN 4: TICK [2]
FUN 4: TICK [3]
FUN 4: TICK [4]
FUN 4: TICK [5]
FUN 4: TICK [6]
FUN 4: TICK [7]
FUN 4: TICK [8]
FUN 4: TICK [9]
FUN 4 IN BURST[101]
FUN 4: TICK [0]
FUN 4: TICK [1]
FUN 4: TICK [2]
FUN 4: TICK [3]
FUN 4: TICK [4]
FUN 4: TICK [5]
FUN 4: TICK [6]
FUN 4: TICK [7]
FUN 4: TICK [8]
FUN 4: TICK [9]
FUN 4 IN BURST[102]
FUN 4: TICK [0]
FUN 4: TICK [1]
FUN 4: TICK [2]
FUN 4: TICK [3]
FUN 4: TICK [4]
FUN 4: TICK [5]
FUN 4: TICK [6]
FUN 4: TICK [7]
FUN 4: TICK [8]
FUN 4: TICK [9]
FUN 4 IN BURST[103]
FUN 4: TICK [0]
FUN 4: TICK [1]
FUN 4: TICK [2]
FUN 4: TICK [3]
One second has passed
FUN 3: TICK [4]
FUN 3: TICK [5]
FUN 3: TICK [6]
FUN 3: TICK [7]
FUN 3: TICK [8]
FUN 3: TICK [9]
FUN 3 IN BURST[91]
FUN 3: TICK [0]
FUN 3: TICK [1]
FUN 3: TICK [2]
FUN 3: TICK [3]
FUN 3: TICK [4]
FUN 3: TICK [5]
FUN 3: TICK [6]
FUN 3: TICK [7]
FUN 3: TICK [8]
FUN 3: TICK [9]
FUN 3 IN BURST[92]
FUN 3: TICK [0]
FUN 3: TICK [1]
FUN 3: TICK [2]
FUN 3: TICK [3]
FUN 3: TICK [4]
FUN 3: TICK [5]
FUN 3: TICK [6]
FUN 3: TICK [7]
FUN 3: TICK [8]
FUN 3: TICK [9]
FUN 3 IN BURST[93]
FUN 3: TICK [0]
FUN 3: TICK [1]
FUN 3: TICK [2]
FUN 4: TICK [4]
FUN 4: TICK [5]
FUN 4: TICK [6]
FUN 4: TICK [7]
FUN 4: TICK [8]
FUN 4: TICK [9]
FUN 4 IN BURST[104]
FUN 4: TICK [0]
FUN 4: TICK [1]
FUN 4: TICK [2]
FUN 4: TICK [3]
FUN 4: TICK [4]
FUN 4: TICK [5]
FUN 4: TICK [6]
FUN 4: TICK [7]
FUN 4: TICK [8]
FUN 4: TICK [9]
FUN 4 IN BURST[105]
FUN 4: TICK [0]
FUN 4: TICK [1]
FUN 4: TICK [2]
FUN 4: TICK [3]
FUN 4: TICK [4]
FUN 4: TICK [5]
FUN 4: TICK [6]
FUN 4: TICK [7]
FUN 4: TICK [8]
FUN 4: TICK [9]
FUN 4 IN BURST[106]
FUN 4: TICK [0]
FUN 4: TICK [1]
FUN 4: TICK [2]
FUN 4: TICK [3]
FUN 4: TICK [4]
FUN 4: TICK [5]
FUN 4: TICK [6]
FUN 4: TICK [7]
FUN 4: TICK [8]
FUN 4: TICK [9]
FUN 4 IN BURST[107]
FUN 4: TICK [0]
FUN 4: TICK [1]
FUN 4: TICK [2]
FUN 4: TICK [3]
FUN 4: TICK [4]
FUN 3: TICK [3]
FUN 3: TICK [4]
FUN 3: TICK [5]
FUN 3: TICK [6]
FUN 3: TICK [7]
FUN 3: TICK [8]
FUN 3: TICK [9]
FUN 3 IN BURST[94]
FUN 3: TICK [0]
FUN 3: TICK [1]
FUN 3: TICK [2]
FUN 3: TICK [3]
FUN 3: TICK [4]
FUN 3: TICK [5]
FUN 3: TICK [6]
FUN 3: TICK [7]
FUN 3: TICK [8]
FUN 3: TICK [9]
FUN 3 IN BURST[95]
FUN 3: TICK [0]
FUN 3: TICK [1]
FUN 3: TICK [2]
FUN 3: TICK [3]
FUN 3: TICK [4]
FUN 3: TICK [5]
FUN 3: TICK [6]
FUN 3: TICK [7]
FUN 3: TICK [8]
FUN 3: TICK [9]
FUN 3 IN BURST[96]
FUN 3: TICK [0]
FUN 3: TICK [1]
FUN 3: TICK [2]
FUN 3: TICK [3]
FUN 3: TICK [4]
FUN 3: TICK [5]
FUN 3: TICK [6]
FUN 3: TICK [7]
FUN 3: TICK [8]
FUN 4: TICK [5]
FUN 4: TICK [6]
FUN 4: TICK [7]
FUN 4: TICK [8]
FUN 4: TICK [9]
FUN 4 IN BURST[108]
FUN 4: TICK [0]
FUN 4: TICK [1]
FUN 4: TICK [2]
FUN 4: TICK [3]
FUN 4: TICK [4]
FUN 4: TICK [5]
FUN 4: TICK [6]
FUN 4: TICK [7]
FUN 4: TICK [8]
FUN 4: TICK [9]
FUN 4 IN BURST[109]
FUN 4: TICK [0]
FUN 4: TICK [1]
FUN 4: TICK [2]
FUN 4: TICK [3]
FUN 4: TICK [4]
FUN 4: TICK [5]
FUN 4: TICK [6]
FUN 4: TICK [7]
FUN 4: TICK [8]
FUN 4: TICK [9]
FUN 4 IN BURST[110]
FUN 4: TICK [0]
FUN 4: TICK [1]
FUN 4: TICK [2]
FUN 4: TICK [3]
FUN 4: TICK [4]
FUN 4: TICK [5]
FUN 4: TICK [6]
FUN 4: TICK [7]
FUN 4: TICK [8]
FUN 4: TICK [9]
FUN 4 IN BURST[111]
FUN 4: TICK [0]
FUN 4: TICK [1]
FUN 4: TICK [2]
FUN 4: TICK [3FUN 3: TICK [9]
FUN 3 IN BURST[97]
FUN 3: TICK [0]
FUN 3: TICK [1]
FUN 3: TICK [2]
FUN 3: TICK [3]
FUN 3: TICK [4]
FUN 3: TICK [5]
FUN 3: TICK [6]
FUN 3: TICK [7]
FUN 3: TICK [8]
FUN 3: TICK [9]
FUN 3 IN BURST[98]
FUN 3: TICK [0]
FUN 3: TICK [1]
FUN 3: TICK [2]
FUN 3: TICK [3]
FUN 3: TICK [4]
FUN 3: TICK [5]
FUN 3: TICK [6]
FUN 3: TICK [7]
FUN 3: TICK [8]
FUN 3: TICK [9]
FUN 3 IN BURST[99]
FUN 3: TICK [0]
FUN 3: TICK [1]
FUN 3: TICK [2]
FUN 3: TICK [3]
FUN 3: TICK [4]
FUN 3: TICK [5]
FUN 3: TICK [6]
FUN 3: TICK [7]
FUN 3: TICK [8]
FUN 3: TICK [9]
]
FUN 4: TICK [4]
FUN 4: TICK [5]
FUN 4: TICK [6]
FUN 4: TICK [7]
FUN 4: TICK [8]
FUN 4: TICK [9]
FUN 4 IN BURST[112]
FUN 4: TICK [0]
FUN 4: TICK [1]
FUN 4: TICK [2]
FUN 4: TICK [3]
FUN 4: TICK [4]
FUN 4: TICK [5]
FUN 4: TICK [6]
FUN 4: TICK [7]
FUN 4: TICK [8]
FUN 4: TICK [9]
FUN 4 IN BURST[113]
FUN 4: TICK [0]
FUN 4: TICK [1]
FUN 4: TICK [2]
FUN 4: TICK [3]
FUN 4: TICK [4]
FUN 4: TICK [5]
FUN 4: TICK [6]
FUN 4: TICK [7]
FUN 4: TICK [8]
FUN 4: TICK [9]
FUN 4 IN BURST[114]
FUN 4: TICK [0]
FUN 4: TICK [1]
FUN 4: TICK [2]
FUN 4: TICK [3]
FUN 4: TICK [4]
FUN 4: TICK [5]
FUN 4: TICK [6]
FUN 4: TICK [7]
FUN 4: TICK [8]
FUN 4: TICK [9]
FUN 4 IN BURST[115]
FUN 4: TICK [0]
FUN 4: TICK [1]
FUN 4: TICK [2]
FUN 3 IN BURST[100]
FUN 3: TICK [0]
FUN 3: TICK [1]
FUN 3: TICK [2]
FUN 3: TICK [3]
FUN 3: TICK [4]
FUN 3: TICK [5]
FUN 3: TICK [6]
FUN 3: TICK [7]
FUN 3: TICK [8]
FUN 3: TICK [9]
FUN 3 IN BURST[101]
FUN 3: TICK [0]
FUN 3: TICK [1]
FUN 3: TICK [2]
FUN 3: TICK [3]
FUN 3: TICK [4]
FUN 3: TICK [5]
FUN 3: TICK [6]
FUN 3: TICK [7]
FUN 3: TICK [8]
FUN 3: TICK [9]
FUN 3 IN BURST[102]
FUN 3: TICK [0]
FUN 3: TICK [1]
FUN 3: TICK [2]
FUN 3: TICK [3]
FUN 3: TICK [4]
FUN 3: TICK [5]
FUN 3: TICK [6]
FUN 3: TICK [7]
FUN 3: TICK [8]
FUN 3: TICK [9]
FUN 3 IN BURST[103]
FUN 3: TICK [0]
FUN 3: TICK [1]
FUN 3: TICK [2]
FUN 3: TICK [3]
FUN 3: TICK [4]
FUN 3: TICK [5]
FUN 3: TICK [6]
FUN 3: TICK [7]
FUN 3: TICK [8]
FUN 4: TICK [3]
FUN 4: TICK [4]
FUN 4: TICK [5]
FUN 4: TICK [6]
FUN 4: TICK [7]
FUN 4: TICK [8]
FUN 4: TICK [9]
FUN 4 IN BURST[116]
FUN 4: TICK [0]
FUN 4: TICK [1]
FUN 4: TICK [2]
FUN 4: TICK [3]
FUN 4: TICK [4]
FUN 4: TICK [5]
FUN 4: TICK [6]
FUN 4: TICK [7]
FUN 4: TICK [8]
FUN 4: TICK [9]
FUN 4 IN BURST[117]
FUN 4: TICK [0]
FUN 4: TICK [1]
FUN 4: TICK [2]
FUN 4: TICK [3]
FUN 4: TICK [4]
FUN 4: TICK [5]
FUN 4: TICK [6]
FUN 4: TICK [7]
FUN 4: TICK [8]
FUN 4: TICK [9]
FUN 4 IN BURST[118]
FUN 4: TICK [0]
FUN 4: TICK [1]
FUN 4: TICK [2]
FUN 4: TICK [3]
FUN 4: TICK [4]
FUN 4: TICK [5]
FUN 4: TICK [6]
FUN 4: TICK [7]
FUN 4: TICK [8]
FUN 4: TICK [9]
FUN 4 IN BURST[119]
FUN 4: TICK [0]
FUN 4: TICK [1]
FUN 4: TICK [2]
FUN 4: TICK [3]
FUN 3: TICK [9]
FUN 3 IN BURST[104]
FUN 3: TICK [0]
FUN 3: TICK [1]
FUN 3: TICK [2]
FUN 3: TICK [3]
FUN 3: TICK [4]
FUN 3: TICK [5]
FUN 3: TICK [6]
FUN 3: TICK [7]
FUN 3: TICK [8]
FUN 3: TICK [9]
FUN 3 IN BURST[105]
FUN 3: TICK [0]
FUN 3: TICK [1]
FUN 3: TICK [2]
FUN 3: TICK [3]
FUN 3: TICK [4]
FUN 3: TICK [5]
FUN 3: TICK [6]
FUN 3: TICK [7]
FUN 3: TICK [8]
FUN 3: TICK [9]
FUN 3 IN BURST[106]
FUN 3: TICK [0]
FUN 3: TICK [1]
FUN 3: TICK [2]
FUN 3: TICK [3]
FUN 3: TICK [4]
FUN 3: TICK [5]
FUN 3: TICK [6]
FUN 3: TICK [7]
FUN 3: TICK [8]
FUN 3: TICK [9]
FUN 4: TICK [4]
FUN 4: TICK [5]
FUN 4: TICK [6]
FUN 4: TICK [7]
FUN 4: TICK [8]
FUN 4: TICK [9]
FUN 4 IN BURST[120]
FUN 4: TICK [0]
FUN 4: TICK [1]
FUN 4: TICK [2]
FUN 4: TICK [3]
FUN 4: TICK [4]
FUN 4: TICK [5]
FUN 4: TICK [6]
FUN 4: TICK [7]
FUN 4: TICK [8]
FUN 4: TICK [9]
FUN 4 IN BURST[121]
FUN 4: TICK [0]
FUN 4: TICK [1]
FUN 4: TICK [2]
FUN 4: TICK [3]
FUN 4: TICK [4]
FUN 4: TICK [5]
FUN 4: TICK [6]
FUN 4: TICK [7]
FUN 4: TICK [8]
FUN 4: TICK [9]
FUN 4 IN BURST[122]
FUN 4: TICK [0]
FUN 4: TICK [1]
FUN 4: TICK [2]
FUN 4: TICK [3]
FUN 4: TICK [4]
FUN 4: TICK [5]
FUN 4: TICK [6]
FUN 4: TICK [7]
FUN 4: TICK [8]
FUN 4: TICK [9]
FUN 4 IN BURST[123]
FUN 4: TICK [0]
FUN 4: TICK [1]
FUN 3 IN BURST[107]
FUN 3: TICK [0]
FUN 3: TICK [1]
FUN 3: TICK [2]
FUN 3: TICK [3]
FUN 3: TICK [4]
FUN 3: TICK [5]
FUN 3: TICK [6]
FUN 3: TICK [7]
FUN 3: TICK [8]
FUN 3: TICK [9]
FUN 3 IN BURST[108]
FUN 3: TICK [0]
FUN 3: TICK [1]
FUN 3: TICK [2]
FUN 3: TICK [3]
FUN 3: TICK [4]
FUN 3: TICK [5]
FUN 3: TICK [6]
FUN 3: TICK [7]
FUN 3: TICK [8]
FUN 3: TICK [9]
FUN 3 IN BURST[109]
FUN 3: TICK [0]
FUN 3: TICK [1]
FUN 3: TICK [2]
FUN 3: TICK [3]
FUN 3: TICK [4]
FUN 3: TICK [5]
FUN 3: TICK [6]
FUN 3: TICK [7]
FUN 3: TICK [8]
FUN 3: TICK [9]
FUN 3 IN BURST[110]
FUN 3: TICK [0]
FUN 3: TICK [1]
FUN 3: TICK [2]
FUN 3: TICK [3]
FUN 3: TICK [4]
FUN 3: TICK [5]
FUN 3: TICK [6]
FUN 3: TICK [7]
FUN 4: TICK [2]
FUN 4: TICK [3]
FUN 4: TICK [4]
FUN 4: TICK [5]
FUN 4: TICK [6]
FUN 4: TICK [7]
FUN 4: TICK [8]
FUN 4: TICK [9]
FUN 4 IN BURST[124]
FUN 4: TICK [0]
FUN 4: TICK [1]
FUN 4: TICK [2]
FUN 4: TICK [3]
FUN 4: TICK [4]
FUN 4: TICK [5]
FUN 4: TICK [6]
FUN 4: TICK [7]
FUN 4: TICK [8]
FUN 4: TICK [9]
FUN 4 IN BURST[125]
FUN 4: TICK [0]
FUN 4: TICK [1]
FUN 4: TICK [2]
FUN 4: TICK [3]
FUN 4: TICK [4]
FUN 4: TICK [5]
FUN 4: TICK [6]
FUN 4: TICK [7]
FUN 4: TICK [8]
FUN 4: TICK [9]
FUN 4 IN BURST[126]
FUN 4: TICK [0]
FUN 4: TICK [1]
FUN 4: TICK [2]
FUN 4: TICK [3]
FUN 4: TICK [4]
FUN 4: TICK [5]
FUN 4: TICK [6]
FUN 4: TICK [7]
FUN 4: TICK [8]
FUN 4: TICK [9]
FUN 4 IN BURST[127]
FUN 4: TICK [0]
FUN 4: TICK [1]
FUN 3: TICK [8]
FUN 3: TICK [9]
FUN 3 IN BURST[111]
FUN 3: TICK [0]
FUN 3: TICK [1]
FUN 3: TICK [2]
FUN 3: TICK [3]
FUN 3: TICK [4]
FUN 3: TICK [5]
FUN 3: TICK [6]
FUN 3: TICK [7]
FUN 3: TICK [8]
FUN 3: TICK [9]
FUN 3 IN BURST[112]
FUN 3: TICK [0]
FUN 3: TICK [1]
FUN 3: TICK [2]
FUN 3: TICK [3]
FUN 3: TICK [4]
FUN 3: TICK [5]
FUN 3: TICK [6]
FUN 3: TICK [7]
FUN 3: TICK [8]
FUN 3: TICK [9]
FUN 3 IN BURST[113]
FUN 3: TICK [0]
FUN 3: TICK [1]
FUN 3: TICK [2]
FUN 3: TICK [3]
FUN 3: TICK [4]
FUN 3: TICK [5]
FUN 3: TICK [6]
FUN 3: TICK [7]
FUN 3: TICK [8]
FUN 3: TICK [9]
FUN 3 IN BURST[114]
FUN 4: TICK [2]
FUN 4: TICK [3]
FUN 4: TICK [4]
FUN 4: TICK [5]
FUN 4: TICK [6]
FUN 4: TICK [7]
FUN 4: TICK [8]
FUN 4: TICK [9]
FUN 4 IN BURST[128]
FUN 4: TICK [0]
FUN 4: TICK [1]
FUN 4: TICK [2]
FUN 4: TICK [3]
FUN 4: TICK [4]
FUN 4: TICK [5]
FUN 4: TICK [6]
FUN 4: TICK [7]
FUN 4: TICK [8]
FUN 4: TICK [9]
FUN 4 IN BURST[129]
FUN 4: TICK [0]
FUN 4: TICK [1]
FUN 4: TICK [2]
FUN 4: TICK [3]
FUN 4: TICK [4]
FUN 4: TICK [5]
FUN 4: TICK [6]
FUN 4: TICK [7]
FUN 4: TICK [8]
FUN 4: TICK [9]
FUN 4 IN BURST[130]
FUN 4: TICK [0]
FUN 4: TICK [1]
FUN 4: TICK [2]
FUN 4: TICK [3]
FUN 4: TICK [4]
FUN 4: TICK [5]
FUN 4: TICK [6]
FUNFUN 3: TICK [0]
FUN 3: TICK [1]
FUN 3: TICK [2]
FUN 3: TICK [3]
FUN 3: TICK [4]
FUN 3: TICK [5]
FUN 3: TICK [6]
FUN 3: TICK [7]
FUN 3: TICK [8]
FUN 3: TICK [9]
FUN 3 IN BURST[115]
FUN 3: TICK [0]
FUN 3: TICK [1]
FUN 3: TICK [2]
FUN 3: TICK [3]
FUN 3: TICK [4]
FUN 3: TICK [5]
FUN 3: TICK [6]
FUN 3: TICK [7]
FUN 3: TICK [8]
FUN 3: TICK [9]
FUN 3 IN BURST[116]
FUN 3: TICK [0]
FUN 3: TICK [1]
FUN 3: TICK [2]
FUN 3: TICK [3]
FUN 3: TICK [4]
FUN 3: TICK [5]
FUN 3: TICK [6]
FUN 3: TICK [7]
FUN 3: TICK [8]
FUN 3: TICK [9]
FUN 3 IN BURST[117]
FUN 3: TICK [0]
FUN 3: TICK [1]
FUN 3: TICK [2]
FUN 3: TICK [3]
FUN 3: TICK [4]
FUN 3: TICK [5]
FUN 3: TICK [6]
FUN 3: TICK [7]
FUN 3: TICK [8]
FUN 3: TICK [9]
 4: TICK [7]
FUN 4: TICK [8]
FUN 4: TICK [9]
FUN 4 IN BURST[131]
FUN 4: TICK [0]
FUN 4: TICK [1]
FUN 4: TICK [2]
FUN 4: TICK [3]
FUN 4: TICK [4]
FUN 4: TICK [5]
FUN 4: TICK [6]
FUN 4: TICK [7]
FUN 4: TICK [8]
FUN 4: TICK [9]
FUN 4 IN BURST[132]
FUN 4: TICK [0]
FUN 4: TICK [1]
FUN 4: TICK [2]
FUN 4: TICK [3]
FUN 4: TICK [4]
FUN 4: TICK [5]
FUN 4: TICK [6]
FUN 4: TICK [7]
FUN 4: TICK [8]
FUN 4: TICK [9]
FUN 4 IN BURST[133]
FUN 4: TICK [0]
FUN 4: TICK [1]
FUN 4: TICK [2]
FUN 4: TICK [3]
FUN 4: TICK [4]
FUN 4: TICK [5]
FUN 4: TICK [6]
FUN 4: TICK [7]
FUN 4: TICK [8]
FUN 4: TICK [9]
FUN 4 IN BURST[134]
FUN 4: TICK [0]
FUN 4: TICK [1]
FUN 4: TICK [2]
FUN 4: TICK [3]
FUN 4: TICK [4]
FUN 4: TICK [5]
FUN 4: TICK [6]
FUN 4: TICK [7]
FUN 3 IN BURST[118]
FUN 3: TICK [0]
FUN 3: TICK [1]
FUN 3: TICK [2]
FUN 3: TICK [3]
FUN 3: TICK [4]
FUN 3: TICK [5]
FUN 3: TICK [6]
FUN 3: TICK [7]
FUN 3: TICK [8]
FUN 3: TICK [9]
FUN 3 IN BURST[119]
FUN 3: TICK [0]
FUN 3: TICK [1]
FUN 3: TICK [2]
FUN 3: TICK [3]
FUN 3: TICK [4]
FUN 3: TICK [5]
FUN 3: TICK [6]
FUN 3: TICK [7]
FUN 3: TICK [8]
FUN 3: TICK [9]
FUN 3 IN BURST[120]
FUN 3: TICK [0]
FUN 3: TICK [1]
FUN 3: TICK [2]
FUN 3: TICK [3]
FUN 3: TICK [4]
FUN 3: TICK [5]
FUN 3: TICK [6]
FUN 3: TICK [7]
FUN 3: TICK [8]
FUN 3: TICK [9]
FUN 3 IN BURST[121]
FUN 3: TICK [0]
FUN 3: TICK [1]
FUN 4: TICK [8]
FUN 4: TICK [9]
FUN 4 IN BURST[135]
FUN 4: TICK [0]
FUN 4: TICK [1]
FUN 4: TICK [2]
FUN 4: TICK [3]
FUN 4: TICK [4]
FUN 4: TICK [5]
FUN 4: TICK [6]
FUN 4: TICK [7]
FUN 4: TICK [8]
FUN 4: TICK [9]
FUN 4 IN BURST[136]
FUN 4: TICK [0]
FUN 4: TICK [1]
FUN 4: TICK [2]
FUN 4: TICK [3]
FUN 4: TICK [4]
FUN 4: TICK [5]
FUN 4: TICK [6]
FUN 4: TICK [7]
FUN 4: TICK [8]
FUN 4: TICK [9]
FUN 4 IN BURST[137]
FUN 4: TICK [0]
FUN 4: TICK [1]
FUN 4: TICK [2]
FUN 4: TICK [3]
FUN 4: TICK [4]
FUN 4: TICK [5]
FUN 4: TICK [6]
FUN 4: TICK [7]
FUN 4: TICK [8]
FUN 4: TICK [9]
FUN 4 IN BURST[138]
FUN 4: TICK [0]
FUN 4: TICK [1]
FUN 4: TICK [2]
FUN 4: TICK [3]
FUN 4: TICK [4]
FUN 4: TICK [5]
FUN 4: TICK [6]
FUN 3: TICK [2]
FUN 3: TICK [3]
FUN 3: TICK [4]
FUN 3: TICK [5]
FUN 3: TICK [6]
FUN 3: TICK [7]
FUN 3: TICK [8]
FUN 3: TICK [9]
FUN 3 IN BURST[122]
FUN 3: TICK [0]
FUN 3: TICK [1]
FUN 3: TICK [2]
FUN 3: TICK [3]
FUN 3: TICK [4]
FUN 3: TICK [5]
FUN 3: TICK [6]
FUN 3: TICK [7]
FUN 3: TICK [8]
FUN 3: TICK [9]
FUN 3 IN BURST[123]
FUN 3: TICK [0]
FUN 3: TICK [1]
FUN 3: TICK [2]
FUN 3: TICK [3]
FUN 3: TICK [4]
FUN 3: TICK [5]
FUN 3: TICK [6]
FUN 3: TICK [7]
FUN 3: TICK [8]
FUN 3: TICK [9]
FUN 3 IN BURST[124]
FUN 3: TICK [0]
FUN 3: TICK [1]
FUN 3: TICK [2]
FUN 3: TICK [3]
FUN 3: TICK [4]
FUN 3: TICK [5]
FUN 3: TICK [6]
FUN 4: TICK [7]
FUN 4: TICK [8]
FUN 4: TICK [9]
FUN 4 IN BURST[139]
FUN 4: TICK [0]
FUN 4: TICK [1]
FUN 4: TICK [2]
FUN 4: TICK [3]
FUN 4: TICK [4]
FUN 4: TICK [5]
FUN 4: TICK [6]
FUN 4: TICK [7]
FUN 4: TICK [8]
FUN 4: TICK [9]
FUN 4 IN BURST[140]
FUN 4: TICK [0]
FUN 4: TICK [1]
FUN 4: TICK [2]
FUN 4: TICK [3]
FUN 4: TICK [4]
FUN 4: TICK [5]
FUN 4: TICK [6]
FUN 4: TICK [7]
FUN 4: TICK [8]
FUN 4: TICK [9]
FUN 4 IN BURST[141]
FUN 4: TICK [0]
FUN 4: TICK [1]
FUN 4: TICK [2]
FUN 4: TICK [3]
FUN 4: TICK [4]
FUN 4: TICK [5]
FUN 4: TICK [6]
FUN 4: TICK [7]
FUN 4: TICK [8]
FUN 4: TICK [9]
One second has passed
FUN 3: TICK [7]
FUN 3: TICK [8]
FUN 3: TICK [9]
FUN 3 IN BURST[125]
FUN 3: TICK [0]
FUN 3: TICK [1]
FUN 3: TICK [2]
FUN 3: TICK [3]
FUN 3: TICK [4]
FUN 3: TICK [5]
FUN 3: TICK [6]
FUN 3: TICK [7]
FUN 3: TICK [8]
FUN 3: TICK [9]
FUN 3 IN BURST[126]
FUN 3: TICK [0]
FUN 3: TICK [1]
FUN 3: TICK [2]
FUN 3: TICK [3]
FUN 3: TICK [4]
FUN 3: TICK [5]
FUN 3: TICK [6]
FUN 3: TICK [7]
FUN 3FUN 4 IN BURST[142]
FUN 4: TICK [0]
FUN 4: TICK [1]
FUN 4: TICK [2]
FUN 4: TICK [3]
FUN 4: TICK [4]
FUN 4: TICK [5]
FUN 4: TICK [6]
FUN 4: TICK [7]
FUN 4: TICK [8]
FUN 4: TICK [9]
FUN 4 IN BURST[143]
FUN 4: TICK [0]
FUN 4: TICK [1]
FUN 4: TICK [2]
FUN 4: TICK [3]
FUN 4: TICK [4]
FUN 4: TICK [5]
FUN 4: TICK [6]
FUN 4: TICK [7]
FUN 4: TICK [8]
FUN 4: TICK [9]
FUN 4 IN BURST[144]
FUN 4: TICK [0]
FUN 4: TICK [1]
FUN 4: TICK [2]
FUN 4: TICK [3]
FUN 4: TICK [4]
FUN 4: TICK [5]
FUN 4: TICK [6]
FUN 4: TICK [7]
FUN 4: TICK [8]
FUN 4: TICK [9]
FUN 4 IN BURST[145]
: TICK [8]
FUN 3: TICK [9]
FUN 3 IN BURST[127]
FUN 3: TICK [0]
FUN 3: TICK [1]
FUN 3: TICK [2]
FUN 3: TICK [3]
FUN 3: TICK [4]
FUN 3: TICK [5]
FUN 3: TICK [6]
FUN 3: TICK [7]
FUN 3: TICK [8]
FUN 3: TICK [9]
FUN 3 IN BURST[128]
FUN 3: TICK [0]
FUN 3: TICK [1]
FUN 3: TICK [2]
FUN 3: TICK [3]
FUN 3: TICK [4]
FUN 3: TICK [5]
FUN 3: TICK [6]
FUN 3: TICK [7]
FUN 3: TICK [8]
FUN 3: TICK [9]
FUN 3 IN BURST[129]
FUN 3: TICK [0]
FUN 3: TICK [1]
FUN 3: TICK [2]
FUN 3: TICK [3]
FUN 3: TICK [4]
FUN 4: TICK [0]
FUN 4: TICK [1]
FUN 4: TICK [2]
FUN 4: TICK [3]
FUN 4: TICK [4]
FUN 4: TICK [5]
FUN 4: TICK [6]
FUN 4: TICK [7]
FUN 4: TICK [8]
FUN 4: TICK [9]
FUN 4 IN BURST[146]
FUN 4: TICK [0]
FUN 4: TICK [1]
FUN 4: TICK [2]
FUN 4: TICK [3]
FUN 4: TICK [4]
FUN 4: TICK [5]
FUN 4: TICK [6]
FUN 4: TICK [7]
FUN 4: TICK [8]
FUN 4: TICK [9]
FUN 4 IN BURST[147]
FUN 4: TICK [0]
FUN 4: TICK [1]
FUN 4: TICK [2]
FUN 4: TICK [3]
FUN 4: TICK [4]
FUN 4: TICK [5]
FUN 4: TICK [6]
FUN 4: TICK [7]
FUN 4: TICK [8]
FUN 4: TICK [9]
FUN 4 IN BURST[148]
FUN 4: TICK [0]
FUN 3: TICK [5]
FUN 3: TICK [6]
FUN 3: TICK [7]
FUN 3: TICK [8]
FUN 3: TICK [9]
FUN 3 IN BURST[130]
FUN 3: TICK [0]
FUN 3: TICK [1]
FUN 3: TICK [2]
FUN 3: TICK [3]
FUN 3: TICK [4]
FUN 3: TICK [5]
FUN 3: TICK [6]
FUN 3: TICK [7]
FUN 3: TICK [8]
FUN 3: TICK [9]
FUN 3 IN BURST[131]
FUN 3: TICK [0]
FUN 3: TICK [1]
FUN 3: TICK [2]
FUN 3: TICK [3]
FUN 3: TICK [4]
FUN 3: TICK [5]
FUN 3: TICK [6]
FUN 3: TICK [7]
FUN 3: TICK [8]
FUN 3: TICK [9]
FUN 3 IN BURST[132]
FUN 4: TICK [1]
FUN 4: TICK [2]
FUN 4: TICK [3]
FUN 4: TICK [4]
FUN 4: TICK [5]
FUN 4: TICK [6]
FUN 4: TICK [7]
FUN 4: TICK [8]
FUN 4: TICK [9]
FUN 4 IN BURST[149]
FUN 4: TICK [0]
FUN 4: TICK [1]
FUN 4: TICK [2]
FUN 4: TICK [3]
FUN 4: TICK [4]
FUN 4: TICK [5]
FUN 4: TICK [6]
FUN 4: TICK [7]
FUN 4: TICK [8]
FUN 4: TICK [9]
FUN 4 IN BURST[150]
FUN 4: TICK [0]
FUN 4: TICK [1]
FUN 4: TICK [2]
FUN 4: TICK [3]
FUN 4: TICK [4]
FUN 4: TICK [5]
FUN 4: TICK [6]
FUN 4: TICK [7]
FUN 4: TICK [8]
FUN 4: TICK [9]
FUN 4 IN BURST[151]
FUN 3: TICK [0]
FUN 3: TICK [1]
FUN 3: TICK [2]
FUN 3: TICK [3]
FUN 3: TICK [4]
FUN 3: TICK [5]
FUN 3: TICK [6]
FUN 3: TICK [7]
FUN 3: TICK [8]
FUN 3: TICK [9]
FUN 3 IN BURST[133]
FUN 3: TICK [0]
FUN 3: TICK [1]
FUN 3: TICK [2]
FUN 3: TICK [3]
FUN 3: TICK [4]
FUN 3: TICK [5]
FUN 3: TICK [6]
FUN 3: TICK [7]
FUN 3: TICK [8]
FUN 3: TICK [9]
FUN 3 IN BURST[134]
FUN 3: TICK [0]
FUN 3: TICK [1]
FUN 3: TICK [2]
FUN 3: TICK [3]
FUN 3: TICK [4]
FUN 3: TICK [5]
FUN 3: TICK [6]
FUN 3: TICK [7]
FUN 3: TICK [8]
FUN 3: TICK [9]
FUN 3 IN BURST[135]
FUN 3: TICK [0]
FUN 3: TICK [1]
FUN 3: TICK [2]
FUN 4: TICK [0]
FUN 4: TICK [1]
FUN 4: TICK [2]
FUN 4: TICK [3]
FUN 4: TICK [4]
FUN 4: TICK [5]
FUN 4: TICK [6]
FUN 4: TICK [7]
FUN 4: TICK [8]
FUN 4: TICK [9]
FUN 4 IN BURST[152]
FUN 4: TICK [0]
FUN 4: TICK [1]
FUN 4: TICK [2]
FUN 4: TICK [3]
FUN 4: TICK [4]
FUN 4: TICK [5]
FUN 4: TICK [6]
FUN 4: TICK [7]
FUN 4: TICK [8]
FUN 4: TICK [9]
FUN 4 IN BURST[153]
FUN 4: TICK [0]
FUN 4: TICK [1]
FUN 4: TICK [2]
FUN 4: TICK [3]
FUN 4: TICK [4]
FUN 4: TICK [5]
FUN 4: TICK [6]
FUN 4: TICK [7]
FUN 4: TICK [8]
FUN 4: TICK [9]
FUN 4 IN BURST[154]
FUN 4: TICK [0]
FUN 4: TICK [1]
FUN 4: TICK [2]
FUN 4: TICK [3]
FUN 3: TICK [3]
FUN 3: TICK [4]
FUN 3: TICK [5]
FUN 3: TICK [6]
FUN 3: TICK [7]
FUN 3: TICK [8]
FUN 3: TICK [9]
FUN 3 IN BURST[136]
FUN 3: TICK [0]
FUN 3: TICK [1]
FUN 3: TICK [2]
FUN 3: TICK [3]
FUN 3: TICK [4]
FUN 3: TICK [5]
FUN 3: TICK [6]
FUN 3: TICK [7]
FUN 3: TICK [8]
FUN 3: TICK [9]
FUN 3 IN BURST[137]
FUN 3: TICK [0]
FUN 3: TICK [1]
FUN 3: TICK [2]
FUN 3: TICK [3]
FUN 3: TICK [4]
FUN 3: TICK [5]
FUN 3: TICK [6]
FUN 3: TICK [7]
FUN 3: TICK [8]
FUN 3: TICK [9]
FUN 4: TICK [4]
FUN 4: TICK [5]
FUN 4: TICK [6]
FUN 4: TICK [7]
FUN 4: TICK [8]
FUN 4: TICK [9]
FUN 4 IN BURST[155]
FUN 4: TICK [0]
FUN 4: TICK [1]
FUN 4: TICK [2]
FUN 4: TICK [3]
FUN 4: TICK [4]
FUN 4: TICK [5]
FUN 4: TICK [6]
FUN 4: TICK [7]
FUN 4: TICK [8]
FUN 4: TICK [9]
FUN 4 IN BURST[156]
FUN 4: TICK [0]
FUN 4: TICK [1]
FUN 4: TICK [2]
FUN 4: TICK [3]
FUN 4: TICK [4]
FUN 4: TICK [5]
FUN 4: TICK [6]
FUN 4: TICK [7]
FUN 4: TICK [8]
FUN 4: TICK [9]
FUN 4 IN BURST[157]
FUN 4: TICK [0]
FUN 4: TICK [1]
FUN 4: TICK [2]
FUN 4: TICK [3]
FUN 4: TICK [4]
FUN 4: TICK [5]
FUN 3 IN BURST[138]
FUN 3: TICK [0]
FUN 3: TICK [1]
FUN 3: TICK [2]
FUN 3: TICK [3]
FUN 3: TICK [4]
FUN 3: TICK [5]
FUN 3: TICK [6]
FUN 3: TICK [7]
FUN 3: TICK [8]
FUN 3: TICK [9]
FUN 3 IN BURST[139]
FUN 3: TICK [0]
FUN 3: TICK [1]
FUN 3: TICK [2]
FUN 3: TICK [3]
FUN 3: TICK [4]
FUN 3: TICK [5]
FUN 3: TICK [6]
FUN 3: TICK [7]
FUN 3: TICK [8]
FUN 3: TICK [9]
FUN 3 IN BURST[140]
FUN 3: TICK [0]
FUN 3: TICK [1]
FUN 3: TICK [2]
FUN 3: TICK [3]
FUN 3: TICK [4]
FUN 3: TICK [5]
FUN 3: TICK [6]
FUN 3: TICK [7]
FUN 3: TICK [8]
FUN 3: TICK [9]
FUN 3 IN BURST[141]
FUN 3: TICK [0]
FUN 4: TICK [6]
FUN 4: TICK [7]
FUN 4: TICK [8]
FUN 4: TICK [9]
FUN 4 IN BURST[158]
FUN 4: TICK [0]
FUN 4: TICK [1]
FUN 4: TICK [2]
FUN 4: TICK [3]
FUN 4: TICK [4]
FUN 4: TICK [5]
FUN 4: TICK [6]
FUN 4: TICK [7]
FUN 4: TICK [8]
FUN 4: TICK [9]
FUN 4 IN BURST[159]
FUN 4: TICK [0]
FUN 4: TICK [1]
FUN 4: TICK [2]
FUN 4: TICK [3]
FUN 4: TICK [4]
FUN 4: TICK [5]
FUN 4: TICK [6]
FUN 4: TICK [7]
FUN 4: TICK [8]
FUN 4: TICK [9]
FUN 4 IN BURST[160]
FUN 4: TICK [0]
FUN 4: TICK [1]
FUN 4: TICK [2]
FUN 4: TICK [3]
FUN 4: TICK [4]
FUN 4: TICK [5]
FUN 4: TICK [6]
FUN 4: TICK [7]
FUN 3: TICK [1]
FUN 3: TICK [2]
FUN 3: TICK [3]
FUN 3: TICK [4]
FUN 3: TICK [5]
FUN 3: TICK [6]
FUN 3: TICK [7]
FUN 3: TICK [8]
FUN 3: TICK [9]
FUN 3 IN BURST[142]
FUN 3: TICK [0]
FUN 3: TICK [1]
FUN 3: TICK [2]
FUN 3: TICK [3]
FUN 3: TICK [4]
FUN 3: TICK [5]
FUN 3: TICK [6]
FUN 3: TICK [7]
FUN 3: TICK [8]
FUN 3: TICK [9]
FUN 3 IN BURST[143]
FUN 3: TICK [0]
FUN 3: TICK [1]
FUN 3: TICK [2]
FUN 3: TICK [3]
FUN 3: TICK [4]
FUN 3: TICK [5]
FUN 3: TICK [6]
FUN 3: TICK [7]
FUN 4: TICK [8]
FUN 4: TICK [9]
FUN 4 IN BURST[161]
FUN 4: TICK [0]
FUN 4: TICK [1]
FUN 4: TICK [2]
FUN 4: TICK [3]
FUN 4: TICK [4]
FUN 4: TICK [5]
FUN 4: TICK [6]
FUN 4: TICK [7]
FUN 4: TICK [8]
FUN 4: TICK [9]
FUN 4 IN BURST[162]
FUN 4: TICK [0]
FUN 4: TICK [1]
FUN 4: TICK [2]
FUN 4: TICK [3]
FUN 4: TICK [4]
FUN 4: TICK [5]
FUN 4: TICK [6]
FUN 4: TICK [7]
FUN 4: TICK [8]
FUN 4: TICK [9]
FUN 4 IN BURST[163]
FUN 4: TICK [0]
FUN 4: TICK [1]
FUN 4: TICK [2]
FUN 4: TICK [3]
FUN 4: TICK [4]
FUN 4: TICK [5]
FUN 4: TICK [6]
FUN 4: TICK [7]
FUN 4: TICK [8]
FUN 4: TICK [9]
FUN 4 IN BURST[164]
FUN 4: TICK [0]
FUN 4: TICK [1]
FUN 3: TICK [8]
FUN 3: TICK [9]
FUN 3 IN BURST[144]
FUN 3: TICK [0]
FUN 3: TICK [1]
FUN 3: TICK [2]
FUN 3: TICK [3]
FUN 3: TICK [4]
FUN 3: TICK [5]
FUN 3: TICK [6]
FUN 3: TICK [7]
FUN 3: TICK [8]
FUN 3: TICK [9]
FUN 3 IN BURST[145]
FUN 3: TICK [0]
FUN 3: TICK [1]
FUN 3: TICK [2]
FUN 3: TICK [3]
FUN 3: TICK [4]
FUN 3: TICK [5]
FUN 3: TICK [6]
FUN 3: TICK [7]
FUN 3: TICK [8]
FUN 3: TICK [9]
FUN 3 IN BURST[146]
FUN 3: TICK [0]
FUN 3: TICK [1]
FUN 3: TICK [2]
FUN 3: TICK [3]
FUN 3: TICK [4]
FUN 3: TICK [5]
FUN 3: TICK [6]
FUN 3: TICK [7]
FUN 3: TICK [8]
FUN 3: TICK [9]
FUN 3 IN BURST[147]
FUN 3: TICK [0]
FUN 3: TICK [1]
FUN 3: TICK [2]
FUN 3: TICK [3]
FUN 3: TICK [4]
FUN 3: TICK [5]
FUN 3: TICK [6]
FUN 4: TICK [2]
FUN 4: TICK [3]
FUN 4: TICK [4]
FUN 4: TICK [5]
FUN 4: TICK [6]
FUN 4: TICK [7]
FUN 4: TICK [8]
FUN 4: TICK [9]
FUN 4 IN BURST[165]
FUN 4: TICK [0]
FUN 4: TICK [1]
FUN 4: TICK [2]
FUN 4: TICK [3]
FUN 4: TICK [4]
FUN 4: TICK [5]
FUN 4: TICK [6]
FUN 4: TICK [7]
FUN 4: TICK [8]
FUN 4: TICK [9]
FUN 4 IN BURST[166]
FUN 4: TICK [0]
FUN 4: TICK [1]
FUN 4: TICK [2]
FUN 4: TICK [3]
FUN 4: TICK [4]
FUN 4: TICK [5]
FUN 4: TICK [6]
FUN 4: TICK [7]
FUN 4: TICK [8]
FUN 4: TICK [9]
FUN 4 IN BURST[167]
FUN 4: TICK [0]
FUN 4: TICK [1]
FUN 4: TICK [2]
FUN 4: TICK [3]
FUN 4: TICK [4]
FUN 4: TICK [5]
FUN 4: TICK [6]
FUN 4: TICK [7]
FUN 4: TICK [8]
FUN 3: TICK [7]
FUN 3: TICK [8]
FUN 3: TICK [9]
FUN 3 IN BURST[148]
FUN 3: TICK [0]
FUN 3: TICK [1]
FUN 3: TICK [2]
FUN 3: TICK [3]
FUN 3: TICK [4]
FUN 3: TICK [5]
FUN 3: TICK [6]
FUN 3: TICK [7]
FUN 3: TICK [8]
FUN 3: TICK [9]
FUN 3 IN BURST[149]
FUN 3: TICK [0]
FUN 3: TICK [1]
FUN 3: TICK [2]
FUN 3: TICK [3]
FUN 3: TICK [4]
FUN 3: TICK [5]
FUN 3: TICK [6]
FUN 3: TICK [7]
FUN 3: TICK [8]
FUN 3: TICK [9]
FUN 3 IN BURST[150]
FUN 3: TICK [0]
FUN 3: TICK [1]
FUN 3: TICK [2]
FUN 3: TICK [3]
FUN 3: TICK [4]
FUN 4: TICK [9]
FUN 4 IN BURST[168]
FUN 4: TICK [0]
FUN 4: TICK [1]
FUN 4: TICK [2]
FUN 4: TICK [3]
FUN 4: TICK [4]
FUN 4: TICK [5]
FUN 4: TICK [6]
FUN 4: TICK [7]
FUN 4: TICK [8]
FUN 4: TICK [9]
FUN 4 IN BURST[169]
FUN 4: TICK [0]
FUN 4: TICK [1]
FUN 4: TICK [2]
FUN 4: TICK [3]
FUN 4: TICK [4]
FUN 4: TICK [5]
FUN 4: TICK [6]
FUN 4: TICK [7]
FUN 4: TICK [8]
FUN 4: TICK [9]
FUN 4 IN BURST[170]
FUN 4: TICK [0]
FUN 4: TICK [1]
FUN 4: TICK [2]
FUN 4: TICK [3]
FUN 4: TICK [4]
FUN 4: TICK [5]
FUN 4: TICK [6]
FUN 4: TICK [7]
FUN 4: TICK [8]
FUN 4: TICK [9]
FUN 4 IN BURST[171]
FUN 4: TICK [0]
FUN 4: TICK [1]
FUN 4: TICK [2]
FUN 4: TICK [3]
FUN 4: TICK [4]
FUN 4: TICK [5]
FUN 4: TICK [6]
FUN 4: TICK [7]
FUN 3: TICK [5]
FUN 3: TICK [6]
FUN 3: TICK [7]
FUN 3: TICK [8]
FUN 3: TICK [9]
FUN 3 IN BURST[151]
FUN 3: TICK [0]
FUN 3: TICK [1]
FUN 3: TICK [2]
FUN 3: TICK [3]
FUN 3: TICK [4]
FUN 3: TICK [5]
FUN 3: TICK [6]
FUN 3: TICK [7]
FUN 3: TICK [8]
FUN 3: TICK [9]
FUN 3 IN BURST[152]
FUN 3: TICK [0]
FUN 3: TICK [1]
FUN 3: TICK [2]
FUN 3: TICK [3]
FUN 3: TICK [4]
FUN 3: TICK [5]
FUN 3: TICK [6]
FUN 3: TICK [7]
FUN 3: TICK [8]
FUN 3: TICK [9]
FUN 3 IN BURST[153]
FUN 3: TICK [0]
FUN 3: TICK [1]
FUN 3: TICK [2]
FUN 3: TICK [3]
FUN 3: TICK [4]
FUN 3: TICK [5]
FUN 3: TICK [6]
FUN 3: TICK [7]
FUN 3: TICK [8]
FUN 3: TICK [9]
FUN 3 IN BURST[154]
FUN 3: TICK [0]
FUN 3: TICK [1]
FUN 4: TICK [8]
FUN 4: TICK [9]
FUN 4 IN BURST[172]
FUN 4: TICK [0]
FUN 4: TICK [1]
FUN 4: TICK [2]
