========================================================================
                       Bochs x86 Emulator 2.6.8
                Built from SVN snapshot on May 3, 2015
                  Compiled on Jun 12 2017 at 22:10:06
========================================================================
------------------------------
Bochs Configuration: Main Menu
------------------------------

This is the Bochs Configuration Interface, where you can describe the
machine that you want to simulate.  Bochs has already searched for a
configuration file (typically called bochsrc.txt) and loaded it if it
could be found.  When you are satisfied with the configuration, go
ahead and start the simulation.

You can also start bochs with the -q option to skip these menus.

1. Restore factory default configuration
2. Read options from...
3. Edit options
4. Save options to...
5. Restore the Bochs state from...
6. Begin simulation
7. Quit now

Please choose one: [6] Installing handler in IDT position 0
Installing handler in IDT position 1
Installing handler in IDT position 2
Installing handler in IDT position 3
Installing handler in IDT position 4
Installing handler in IDT position 5
Installing handler in IDT position 6
Installing handler in IDT position 7
Installing handler in IDT position 8
Installing handler in IDT position 9
Installing handler in IDT position 10
Installing handler in IDT position 11
Installing handler in IDT position 12
Installing handler in IDT position 13
Installing handler in IDT position 14
Installing handler in IDT position 15
Installing handler in IDT position 16
Installing handler in IDT position 17
Installing handler in IDT position 18
Installing handler in IDT position 19
Installing handler in IDT position 20
Installing handler in IDT position 21
Installing handler in IDT position 22
Installing handler in IDT position 23
Installing handler in IDT position 24
Installing handler in IDT position 25
Installing handler in IDT position 26
Installing handler in IDT position 27
Installing handler in IDT position 28
Installing handler in IDT position 29
Installing handler in IDT position 30
Installing handler in IDT position 31
Installing handler in IDT position 32
Installing handler in IDT position 33
Installing handler in IDT position 34
Installing handler in IDT position 35
Installing handler in IDT position 36
Installing handler in IDT position 37
Installing handler in IDT position 38
Installing handler in IDT position 39
Installing handler in IDT position 40
Installing handler in IDT position 41
Installing handler in IDT position 42
Installing handler in IDT position 43
Installing handler in IDT position 44
Installing handler in IDT position 45
Installing handler in IDT position 46
Installing handler in IDT position 47
Installed exception handler at ISR <0>
Allocating Memory Pool... done
Installed interrupt handler at IRQ <0>
Constructed Scheduler.
Hello World!
CREATING THREAD 1...
esp = <2098148>
done
DONE
CREATING THREAD 2...esp = <2099196>
done
DONE
CREATING THREAD 3...esp = <2100244>
done
DONE
CREATING THREAD 4...esp = <2101292>
done
DONE
STARTING THREAD 1 ...
THREAD: 0
FUN 1 INVOKED!
FUN 1 IN ITERATION[0]
FUN 1: TICK [0]
FUN 1: TICK [1]
FUN 1: TICK [2]
FUN 1: TICK [3]
FUN 1: TICK [4]
FUN 1: TICK [5]
FUN 1: TICK [6]
FUN 1: TICK [7]
FUN 1: TICK [8]
FUN 1: TICK [9]
THREAD: 1
FUN 2 INVOKED!
1in blocking disk 
start writing 
FUN 2 IN ITERATION[0]
Reading a block from disk...
1in blocking disk 
start reading 
9797979797000000000000100080000000000016435160000025273201000764320040000000000000000000000000000000000000000000000000000000000000000000000000000000000000000000000000000000000000000000000000000000000000000000000000000000000000000000000000000000000000000000000000000000000000000000000000000000000000000000000000000000000000000000000000000000000000000000000000000000000000000000000000000000000000000000000000000000000000000000000000000000000000000000000000000000000000000000000000000000000000000000000000000000000000000000000000Writing a block to disk...
1in blocking disk 
start writing 
THREAD: 2
FUN 3 INVOKED!
1in blocking disk 
start writing 
FUN 3 IN ITERATION[0]
Reading a block from disk...
1in blocking disk 
start reading 
97979797970000000000001000800000000000164351600000201232020001008320040000000000000000000000000000000000000000000000000000000000000000000000000000000000000000000000000000000000000000000000000000000000000000000000000000000000000000000000000000000000000000000000000000000000000000000000000000000000000000000000000000000000000000000000000000000000000000000000000000000000000000000000000000000000000000000000000000000000000000000000000000000000000000000000000000000000000000000000000000000000000000000000000000000000000000000000000Writing a block to disk...
1in blocking disk 
start writing 
THREAD: 3
FUN 4 IN BURST[0]
FUN 4: TICK [0]
FUN 4: TICK [1]
FUN 4: TICK [2]
FUN 4: TICK [3]
FUN 4: TICK [4]
FUN 4: TICK [5]
FUN 4: TICK [6]
FUN 4: TICK [7]
FUN 4: TICK [8]
FUN 4: TICK [9]
FUN 1 IN ITERATION[1]
FUN 1: TICK [0]
FUN 1: TICK [1]
FUN 1: TICK [2]
FUN 1: TICK [3]
FUN 1: TICK [4]
FUN 1: TICK [5]
FUN 1: TICK [6]
FUN 1: TICK [7]
FUN 1: TICK [8]
FUN 1: TICK [9]
FUN 2 IN ITERATION[1]
Reading a block from disk...
1in blocking disk 
start reading 
97979797971721632000000000000010008000000000001923416000002527320100076432004000000000000000000000000000000000000000000000000000000000000000000000000000000000000000000000000000000000000000000000000000000000000000000000000000000000000000000000000000000000000000000000000000000000000000000000000000000000000000000000000000000000000000000000000000000000000000000000000000000000000000000000000000000000000000000000000000000000000000000000000000000000000000000000000000000000000000000000000000000000000000000000000000000000000000000000Writing a block to disk...
1in blocking disk 
start writing 
FUN 3 IN ITERATION[1]
Reading a block from disk...
1in blocking disk 
start reading 
97979797971721632000000000000010008000000000001923416000002527320100076432004000000000000000000000000000000000000000000000000000000000000000000000000000000000000000000000000000000000000000000000000000000000000000000000000000000000000000000000000000000000000000000000000000000000000000000000000000000000000000000000000000000000000000000000000000000000000000000000000000000000000000000000000000000000000000000000000000000000000000000000000000000000000000000000000000000000000000000000000000000000000000000000000000000000000000000000Writing a block to disk...
1in blocking disk 
start writing 
FUN 4 IN BURST[1]
FUN 4: TICK [0]
FUN 4: TICK [1]
FUN 4: TICK [2]
FUN 4: TICK [3]
FUN 4: TICK [4]
FUN 4: TICK [5]
FUN 4: TICK [6]
FUN 4: TICK [7]
FUN 4: TICK [8]
FUN 4: TICK [9]
FUN 1 IN ITERATION[2]
FUN 1: TICK [0]
FUN 1: TICK [1]
FUN 1: TICK [2]
FUN 1: TICK [3]
FUN 1: TICK [4]
FUN 1: TICK [5]
FUN 1: TICK [6]
FUN 1: TICK [7]
FUN 1: TICK [8]
FUN 1: TICK [9]
FUN 2 IN ITERATION[2]
Reading a block from disk...
1in blocking disk 
start reading 
97979797971721632000000000000010008000000000001923416000002527320100076432004000000000000000000000000000000000000000000000000000000000000000000000000000000000000000000000000000000000000000000000000000000000000000000000000000000000000000000000000000000000000000000000000000000000000000000000000000000000000000000000000000000000000000000000000000000000000000000000000000000000000000000000000000000000000000000000000000000000000000000000000000000000000000000000000000000000000000000000000000000000000000000000000000000000000000000000Writing a block to disk...
1in blocking disk 
start writing 
FUN 3 IN ITERATION[2]
Reading a block from disk...
1in blocking disk 
start reading 
97979797971721632000000000000010008000000000001923416000002527320100076432004000000000000000000000000000000000000000000000000000000000000000000000000000000000000000000000000000000000000000000000000000000000000000000000000000000000000000000000000000000000000000000000000000000000000000000000000000000000000000000000000000000000000000000000000000000000000000000000000000000000000000000000000000000000000000000000000000000000000000000000000000000000000000000000000000000000000000000000000000000000000000000000000000000000000000000000Writing a block to disk...
1in blocking disk 
start writing 
FUN 4 IN BURST[2]
FUN 4: TICK [0]
FUN 4: TICK [1]
FUN 4: TICK [2]
FUN 4: TICK [3]
FUN 4: TICK [4]
FUN 4: TICK [5]
FUN 4: TICK [6]
FUN 4: TICK [7]
FUN 4: TICK [8]
FUN 4: TICK [9]
FUN 1 IN ITERATION[3]
FUN 1: TICK [0]
FUN 1: TICK [1]
FUN 1: TICK [2]
FUN 1: TICK [3]
FUN 1: TICK [4]
FUN 1: TICK [5]
FUN 1: TICK [6]
FUN 1: TICK [7]
FUN 1: TICK [8]
FUN 1: TICK [9]
FUN 2 IN ITERATION[3]
Reading a block from disk...
1in blocking disk 
start reading 
979797979718016320000000000000100080000000000016835160000020123202000100832004000000000000000000000000000000000000000000000000000000000000000000000000000000000000000000000000000000000000000000000000000000000000000000000000000000000000000000000000000000000000000000000000000000000000000000000000000000000000000000000000000000000000000000000000000000000000000000000000000000000000000000000000000000000000000000000000000000000000000000000000000000000000000000000000000000000000000000000000000000000000000000000000000000000000000000000Writing a block to disk...
1in blocking disk 
start writing 
FUN 3 IN ITERATION[3]
Reading a block from disk...
1in blocking disk 
start reading 
979797979718016320000000000000100080000000000016835160000020123202000100832004000000000000000000000000000000000000000000000000000000000000000000000000000000000000000000000000000000000000000000000000000000000000000000000000000000000000000000000000000000000000000000000000000000000000000000000000000000000000000000000000000000000000000000000000000000000000000000000000000000000000000000000000000000000000000000000000000000000000000000000000000000000000000000000000000000000000000000000000000000000000000000000000000000000000000000000Writing a block to disk...
1in blocking disk 
start writing 
FUN 4 IN BURST[3]
FUN 4: TICK [0]
FUN 4: TICK [1]
FUN 4: TICK [2]
FUN 4: TICK [3]
FUN 4: TICK [4]
FUN 4: TICK [5]
FUN 4: TICK [6]
FUN 4: TICK [7]
FUN 4: TICK [8]
FUN 4: TICK [9]
FUN 1 IN ITERATION[4]
FUN 1: TICK [0]
FUN 1: TICK [1]
FUN 1: TICK [2]
FUN 1: TICK [3]
FUN 1: TICK [4]
FUN 1: TICK [5]
FUN 1: TICK [6]
FUN 1: TICK [7]
FUN 1: TICK [8]
FUN 1: TICK [9]
FUN 2 IN ITERATION[4]
Reading a block from disk...
1in blocking disk 
start reading 
00000000000000000000000000000000000000000000000000000000000000000000000000000000000000000000000000000000000000000000000000000000000000000000000000000000000000000000000000000000000000000000000000000000000000000000000000000000000000000000000000000000000000000000000000000000000000000000000000000000000000000000000000000000000000000000000000000000000000000000000000000000000000000000000000000000000000000000000000000000000000000000000000000000000000000000000000000000000000000000000000000000000000000000000000000000Writing a block to disk...
1in blocking disk 
start writing 
FUN 3 IN ITERATION[4]
Reading a block from disk...
1in blocking disk 
start reading 
00000000000000000000000000000000000000000000000000000000000000000000000000000000000000000000000000000000000000000000000000000000000000000000000000000000000000000000000000000000000000000000000000000000000000000000000000000000000000000000000000000000000000000000000000000000000000000000000000000000000000000000000000000000000000000000000000000000000000000000000000000000000000000000000000000000000000000000000000000000000000000000000000000000000000000000000000000000000000000000000000000000000000000000000000000000Writing a block to disk...
1in blocking disk 
start writing 
FUN 4 IN BURST[4]
FUN 4: TICK [0]
FUN 4: TICK [1]
FUN 4: TICK [2]
FUN 4: TICK [3]
FUN 4: TICK [4]
FUN 4: TICK [5]
FUN 4: TICK [6]
FUN 4: TICK [7]
FUN 4: TICK [8]
FUN 4: TICK [9]
FUN 1 IN ITERATION[5]
FUN 1: TICK [0]
FUN 1: TICK [1]
FUN 1: TICK [2]
FUN 1: TICK [3]
FUN 1: TICK [4]
FUN 1: TICK [5]
FUN 1: TICK [6]
FUN 1: TICK [7]
FUN 1: TICK [8]
FUN 1: TICK [9]
FUN 2 IN ITERATION[5]
Reading a block from disk...
1in blocking disk 
start reading 
00000000000000000000000000000000000000000000000000000000000000000000000000000000000000000000000000000000000000000000000000000000000000000000000000000000000000000000000000000000000000000000000000000000000000000000000000000000000000000000000000000000000000000000000000000000000000000000000000000000000000000000000000000000000000000000000000000000000000000000000000000000000000000000000000000000000000000000000000000000000000000000000000000000000000000000000000000000000000000000000000000000000000000000000000000000Writing a block to disk...
1in blocking disk 
start writing 
FUN 3 IN ITERATION[5]
Reading a block from disk...
1in blocking disk 
start reading 
00000000000000000000000000000000000000000000000000000000000000000000000000000000000000000000000000000000000000000000000000000000000000000000000000000000000000000000000000000000000000000000000000000000000000000000000000000000000000000000000000000000000000000000000000000000000000000000000000000000000000000000000000000000000000000000000000000000000000000000000000000000000000000000000000000000000000000000000000000000000000000000000000000000000000000000000000000000000000000000000000000000000000000000000000000000Writing a block to disk...
1in blocking disk 
start writing 
FUN 4 IN BURST[5]
FUN 4: TICK [0]
FUN 4: TICK [1]
FUN 4: TICK [2]
FUN 4: TICK [3]
FUN 4: TICK [4]
FUN 4: TICK [5]
FUN 4: TICK [6]
FUN 4: TICK [7]
FUN 4: TICK [8]
FUN 4: TICK [9]
FUN 1 IN ITERATION[6]
FUN 1: TICK [0]
FUN 1: TICK [1]
FUN 1: TICK [2]
FUN 1: TICK [3]
FUN 1: TICK [4]
FUN 1: TICK [5]
FUN 1: TICK [6]
FUN 1: TICK [7]
FUN 1: TICK [8]
FUN 1: TICK [9]
FUN 2 IN ITERATION[6]
Reading a block from disk...
1in blocking disk 
start reading 
97979797970000000000001000800000000000164351600000201232020001008320040000000000000000000000000000000000000000000000000000000000000000000000000000000000000000000000000000000000000000000000000000000000000000000000000000000000000000000000000000000000000000000000000000000000000000000000000000000000000000000000000000000000000000000000000000000000000000000000000000000000000000000000000000000000000000000000000000000000000000000000000000000000000000000000000000000000000000000000000000000000000000000000000000000000000000000000000Writing a block to disk...
1in blocking disk 
start writing 
FUN 3 IN ITERATION[6]
Reading a block from disk...
1in blocking disk 
start reading 
97979797970000000000001000800000000000164351600000201232020001008320040000000000000000000000000000000000000000000000000000000000000000000000000000000000000000000000000000000000000000000000000000000000000000000000000000000000000000000000000000000000000000000000000000000000000000000000000000000000000000000000000000000000000000000000000000000000000000000000000000000000000000000000000000000000000000000000000000000000000000000000000000000000000000000000000000000000000000000000000000000000000000000000000000000000000000000000000Writing a block to disk...
1in blocking disk 
start writing 
FUN 4 IN BURST[6]
FUN 4: TICK [0]
FUN 4: TICK [1]
FUN 4: TICK [2]
FUN 4: TICK [3]
FUN 4: TICK [4]
FUN 4: TICK [5]
FUN 4: TICK [6]
FUN 4: TICK [7]
FUN 4: TICK [8]
FUN 4: TICK [9]
FUN 1 IN ITERATION[7]
FUN 1: TICK [0]
FUN 1: TICK [1]
FUN 1: TICK [2]
FUN 1: TICK [3]
FUN 1: TICK [4]
FUN 1: TICK [5]
FUN 1: TICK [6]
FUN 1: TICK [7]
FUN 1: TICK [8]
FUN 1: TICK [9]
FUN 2 IN ITERATION[7]
Reading a block from disk...
1in blocking disk 
start reading 
00000000000000000000000000000000000000000000000000000000000000000000000000000000000000000000000000000000000000000000000000000000000000000000000000000000000000000000000000000000000000000000000000000000000000000000000000000000000000000000000000000000000000000000000000000000000000000000000000000000000000000000000000000000000000000000000000000000000000000000000000000000000000000000000000000000000000000000000000000000000000000000000000000000000000000000000000000000000000000000000000000000000000000000000000000000Writing a block to disk...
1in blocking disk 
start writing 
FUN 3 IN ITERATION[7]
Reading a block from disk...
1in blocking disk 
start reading 
00000000000000000000000000000000000000000000000000000000000000000000000000000000000000000000000000000000000000000000000000000000000000000000000000000000000000000000000000000000000000000000000000000000000000000000000000000000000000000000000000000000000000000000000000000000000000000000000000000000000000000000000000000000000000000000000000000000000000000000000000000000000000000000000000000000000000000000000000000000000000000000000000000000000000000000000000000000000000000000000000000000000000000000000000000000Writing a block to disk...
1in blocking disk 
start writing 
FUN 4 IN BURST[7]
FUN 4: TICK [0]
FUN 4: TICK [1]
FUN 4: TICK [2]
FUN 4: TICK [3]
FUN 4: TICK [4]
FUN 4: TICK [5]
FUN 4: TICK [6]
FUN 4: TICK [7]
FUN 4: TICK [8]
FUN 4: TICK [9]
FUN 1 IN ITERATION[8]
FUN 1: TICK [0]
FUN 1: TICK [1]
FUN 1: TICK [2]
FUN 1: TICK [3]
FUN 1: TICK [4]
FUN 1: TICK [5]
FUN 1: TICK [6]
FUN 1: TICK [7]
FUN 1: TICK [8]
FUN 1: TICK [9]
FUN 2 IN ITERATION[8]
Reading a block from disk...
1in blocking disk 
start reading 
00000000000000000000000000000000000000000000000000000000000000000000000000000000000000000000000000000000000000000000000000000000000000000000000000000000000000000000000000000000000000000000000000000000000000000000000000000000000000000000000000000000000000000000000000000000000000000000000000000000000000000000000000000000000000000000000000000000000000000000000000000000000000000000000000000000000000000000000000000000000000000000000000000000000000000000000000000000000000000000000000000000000000000000000000000000Writing a block to disk...
1in blocking disk 
start writing 
FUN 3 IN ITERATION[8]
Reading a block from disk...
1in blocking disk 
start reading 
00000000000000000000000000000000000000000000000000000000000000000000000000000000000000000000000000000000000000000000000000000000000000000000000000000000000000000000000000000000000000000000000000000000000000000000000000000000000000000000000000000000000000000000000000000000000000000000000000000000000000000000000000000000000000000000000000000000000000000000000000000000000000000000000000000000000000000000000000000000000000000000000000000000000000000000000000000000000000000000000000000000000000000000000000000000Writing a block to disk...
1in blocking disk 
start writing 
FUN 4 IN BURST[8]
FUN 4: TICK [0]
FUN 4: TICK [1]
FUN 4: TICK [2]
FUN 4: TICK [3]
FUN 4: TICK [4]
FUN 4: TICK [5]
FUN 4: TICK [6]
FUN 4: TICK [7]
FUN 4: TICK [8]
FUN 4: TICK [9]
FUN 1 IN ITERATION[9]
FUN 1: TICK [0]
FUN 1: TICK [1]
FUN 1: TICK [2]
FUN 1: TICK [3]
FUN 1: TICK [4]
FUN 1: TICK [5]
FUN 1: TICK [6]
FUN 1: TICK [7]
FUN 1: TICK [8]
FUN 1: TICK [9]
FUN 2 IN ITERATION[9]
Reading a block from disk...
1in blocking disk 
start reading 
97979797970000000000001000800000000000164351600000201232020001008320040000000000000000000000000000000000000000000000000000000000000000000000000000000000000000000000000000000000000000000000000000000000000000000000000000000000000000000000000000000000000000000000000000000000000000000000000000000000000000000000000000000000000000000000000000000000000000000000000000000000000000000000000000000000000000000000000000000000000000000000000000000000000000000000000000000000000000000000000000000000000000000000000000000000000000000000000Writing a block to disk...
1in blocking disk 
start writing 
FUN 3 IN ITERATION[9]
Reading a block from disk...
1in blocking disk 
start reading 
97979797970000000000001000800000000000164351600000201232020001008320040000000000000000000000000000000000000000000000000000000000000000000000000000000000000000000000000000000000000000000000000000000000000000000000000000000000000000000000000000000000000000000000000000000000000000000000000000000000000000000000000000000000000000000000000000000000000000000000000000000000000000000000000000000000000000000000000000000000000000000000000000000000000000000000000000000000000000000000000000000000000000000000000000000000000000000000000Writing a block to disk...
1in blocking disk 
start writing 
FUN 4 IN BURST[9]
FUN 4: TICK [0]
FUN 4: TICK [1]
FUN 4: TICK [2]
FUN 4: TICK [3]
FUN 4: TICK [4]
FUN 4: TICK [5]
FUN 4: TICK [6]
FUN 4: TICK [7]
FUN 4: TICK [8]
FUN 4: TICK [9]
FUN 1 IN ITERATION[10]
FUN 1: TICK [0]
FUN 1: TICK [1]
FUN 1: TICK [2]
FUN 1: TICK [3]
FUN 1: TICK [4]
FUN 1: TICK [5]
FUN 1: TICK [6]
FUN 1: TICK [7]
FUN 1: TICK [8]
FUN 1: TICK [9]
FUN 2 IN ITERATION[10]
Reading a block from disk...
1in blocking disk 
start reading 
97979797971721632000000000000010008000000000001923416000002527320100076432004000000000000000000000000000000000000000000000000000000000000000000000000000000000000000000000000000000000000000000000000000000000000000000000000000000000000000000000000000000000000000000000000000000000000000000000000000000000000000000000000000000000000000000000000000000000000000000000000000000000000000000000000000000000000000000000000000000000000000000000000000000000000000000000000000000000000000000000000000000000000000000000000000000000000000000000Writing a block to disk...
1in blocking disk 
start writing 
FUN 3 IN ITERATION[10]
Reading a block from disk...
1in blocking disk 
start reading 
97979797971721632000000000000010008000000000001923416000002527320100076432004000000000000000000000000000000000000000000000000000000000000000000000000000000000000000000000000000000000000000000000000000000000000000000000000000000000000000000000000000000000000000000000000000000000000000000000000000000000000000000000000000000000000000000000000000000000000000000000000000000000000000000000000000000000000000000000000000000000000000000000000000000000000000000000000000000000000000000000000000000000000000000000000000000000000000000000Writing a block to disk...
1in blocking disk 
start writing 
FUN 4 IN BURST[10]
FUN 4: TICK [0]
FUN 4: TICK [1]
FUN 4: TICK [2]
FUN 4: TICK [3]
FUN 4: TICK [4]
FUN 4: TICK [5]
FUN 4: TICK [6]
FUN 4: TICK [7]
FUN 4: TICK [8]
FUN 4: TICK [9]
FUN 1 IN ITERATION[11]
FUN 1: TICK [0]
FUN 1: TICK [1]
FUN 1: TICK [2]
FUN 1: TICK [3]
FUN 1: TICK [4]
FUN 1: TICK [5]
FUN 1: TICK [6]
FUN 1: TICK [7]
FUN 1: TICK [8]
FUN 1: TICK [9]
FUN 2 IN ITERATION[11]
Reading a block from disk...
1in blocking disk 
start reading 
97979797971721632000000000000010008000000000001923416000002527320100076432004000000000000000000000000000000000000000000000000000000000000000000000000000000000000000000000000000000000000000000000000000000000000000000000000000000000000000000000000000000000000000000000000000000000000000000000000000000000000000000000000000000000000000000000000000000000000000000000000000000000000000000000000000000000000000000000000000000000000000000000000000000000000000000000000000000000000000000000000000000000000000000000000000000000000000000000Writing a block to disk...
1in blocking disk 
start writing 
FUN 3 IN ITERATION[11]
Reading a block from disk...
1in blocking disk 
start reading 
97979797971721632000000000000010008000000000001923416000002527320100076432004000000000000000000000000000000000000000000000000000000000000000000000000000000000000000000000000000000000000000000000000000000000000000000000000000000000000000000000000000000000000000000000000000000000000000000000000000000000000000000000000000000000000000000000000000000000000000000000000000000000000000000000000000000000000000000000000000000000000000000000000000000000000000000000000000000000000000000000000000000000000000000000000000000000000000000000Writing a block to disk...
1in blocking disk 
start writing 
FUN 4 IN BURST[11]
FUN 4: TICK [0]
FUN 4: TICK [1]
FUN 4: TICK [2]
FUN 4: TICK [3]
FUN 4: TICK [4]
FUN 4: TICK [5]
FUN 4: TICK [6]
FUN 4: TICK [7]
FUN 4: TICK [8]
FUN 4: TICK [9]
FUN 1 IN ITERATION[12]
FUN 1: TICK [0]
FUN 1: TICK [1]
FUN 1: TICK [2]
FUN 1: TICK [3]
FUN 1: TICK [4]
FUN 1: TICK [5]
FUN 1: TICK [6]
FUN 1: TICK [7]
FUN 1: TICK [8]
FUN 1: TICK [9]
FUN 2 IN ITERATION[12]
Reading a block from disk...
1in blocking disk 
start reading 
979797979718016320000000000000100080000000000016835160000020123202000100832004000000000000000000000000000000000000000000000000000000000000000000000000000000000000000000000000000000000000000000000000000000000000000000000000000000000000000000000000000000000000000000000000000000000000000000000000000000000000000000000000000000000000000000000000000000000000000000000000000000000000000000000000000000000000000000000000000000000000000000000000000000000000000000000000000000000000000000000000000000000000000000000000000000000000000000000Writing a block to disk...
1in blocking disk 
start writing 
FUN 3 IN ITERATION[12]
Reading a block from disk...
1in blocking disk 
start reading 
979797979718016320000000000000100080000000000016835160000020123202000100832004000000000000000000000000000000000000000000000000000000000000000000000000000000000000000000000000000000000000000000000000000000000000000000000000000000000000000000000000000000000000000000000000000000000000000000000000000000000000000000000000000000000000000000000000000000000000000000000000000000000000000000000000000000000000000000000000000000000000000000000000000000000000000000000000000000000000000000000000000000000000000000000000000000000000000000000Writing a block to disk...
1in blocking disk 
start writing 
FUN 4 IN BURST[12]
FUN 4: TICK [0]
FUN 4: TICK [1]
FUN 4: TICK [2]
FUN 4: TICK [3]
FUN 4: TICK [4]
FUN 4: TICK [5]
FUN 4: TICK [6]
FUN 4: TICK [7]
FUN 4: TICK [8]
FUN 4: TICK [9]
FUN 1 IN ITERATION[13]
FUN 1: TICK [0]
FUN 1: TICK [1]
FUN 1: TICK [2]
FUN 1: TICK [3]
FUN 1: TICK [4]
FUN 1: TICK [5]
FUN 1: TICK [6]
FUN 1: TICK [7]
FUN 1: TICK [8]
FUN 1: TICK [9]
FUN 2 IN ITERATION[13]
Reading a block from disk...
1in blocking disk 
start reading 
00000000000000000000000000000000000000000000000000000000000000000000000000000000000000000000000000000000000000000000000000000000000000000000000000000000000000000000000000000000000000000000000000000000000000000000000000000000000000000000000000000000000000000000000000000000000000000000000000000000000000000000000000000000000000000000000000000000000000000000000000000000000000000000000000000000000000000000000000000000000000000000000000000000000000000000000000000000000000000000000000000000000000000000000000000000Writing a block to disk...
1in blocking disk 
start writing 
FUN 3 IN ITERATION[13]
Reading a block from disk...
1in blocking disk 
start reading 
00000000000000000000000000000000000000000000000000000000000000000000000000000000000000000000000000000000000000000000000000000000000000000000000000000000000000000000000000000000000000000000000000000000000000000000000000000000000000000000000000000000000000000000000000000000000000000000000000000000000000000000000000000000000000000000000000000000000000000000000000000000000000000000000000000000000000000000000000000000000000000000000000000000000000000000000000000000000000000000000000000000000000000000000000000000Writing a block to disk...
1in blocking disk 
start writing 
FUN 4 IN BURST[13]
FUN 4: TICK [0]
FUN 4: TICK [1]
FUN 4: TICK [2]
FUN 4: TICK [3]
FUN 4: TICK [4]
FUN 4: TICK [5]
FUN 4: TICK [6]
FUN 4: TICK [7]
FUN 4: TICK [8]
FUN 4: TICK [9]
FUN 1 IN ITERATION[14]
FUN 1: TICK [0]
FUN 1: TICK [1]
FUN 1: TICK [2]
FUN 1: TICK [3]
FUN 1: TICK [4]
FUN 1: TICK [5]
FUN 1: TICK [6]
FUN 1: TICK [7]
FUN 1: TICK [8]
FUN 1: TICK [9]
FUN 2 IN ITERATION[14]
Reading a block from disk...
1in blocking disk 
start reading 
00000000000000000000000000000000000000000000000000000000000000000000000000000000000000000000000000000000000000000000000000000000000000000000000000000000000000000000000000000000000000000000000000000000000000000000000000000000000000000000000000000000000000000000000000000000000000000000000000000000000000000000000000000000000000000000000000000000000000000000000000000000000000000000000000000000000000000000000000000000000000000000000000000000000000000000000000000000000000000000000000000000000000000000000000000000Writing a block to disk...
1in blocking disk 
start writing 
FUN 3 IN ITERATION[14]
Reading a block from disk...
1in blocking disk 
start reading 
00000000000000000000000000000000000000000000000000000000000000000000000000000000000000000000000000000000000000000000000000000000000000000000000000000000000000000000000000000000000000000000000000000000000000000000000000000000000000000000000000000000000000000000000000000000000000000000000000000000000000000000000000000000000000000000000000000000000000000000000000000000000000000000000000000000000000000000000000000000000000000000000000000000000000000000000000000000000000000000000000000000000000000000000000000000Writing a block to disk...
1in blocking disk 
start writing 
FUN 4 IN BURST[14]
FUN 4: TICK [0]
FUN 4: TICK [1]
FUN 4: TICK [2]
FUN 4: TICK [3]
FUN 4: TICK [4]
FUN 4: TICK [5]
FUN 4: TICK [6]
FUN 4: TICK [7]
FUN 4: TICK [8]
FUN 4: TICK [9]
FUN 1 IN ITERATION[15]
FUN 1: TICK [0]
FUN 1: TICK [1]
FUN 1: TICK [2]
FUN 1: TICK [3]
FUN 1: TICK [4]
FUN 1: TICK [5]
FUN 1: TICK [6]
FUN 1: TICK [7]
FUN 1: TICK [8]
FUN 1: TICK [9]
FUN 2 IN ITERATION[15]
Reading a block from disk...
1in blocking disk 
start reading 
97979797970000000000001000800000000000164351600000201232020001008320040000000000000000000000000000000000000000000000000000000000000000000000000000000000000000000000000000000000000000000000000000000000000000000000000000000000000000000000000000000000000000000000000000000000000000000000000000000000000000000000000000000000000000000000000000000000000000000000000000000000000000000000000000000000000000000000000000000000000000000000000000000000000000000000000000000000000000000000000000000000000000000000000000000000000000000000000Writing a block to disk...
1in blocking disk 
start writing 
FUN 3 IN ITERATION[15]
Reading a block from disk...
1in blocking disk 
start reading 
97979797970000000000001000800000000000164351600000201232020001008320040000000000000000000000000000000000000000000000000000000000000000000000000000000000000000000000000000000000000000000000000000000000000000000000000000000000000000000000000000000000000000000000000000000000000000000000000000000000000000000000000000000000000000000000000000000000000000000000000000000000000000000000000000000000000000000000000000000000000000000000000000000000000000000000000000000000000000000000000000000000000000000000000000000000000000000000000Writing a block to disk...
1in blocking disk 
start writing 
FUN 4 IN BURST[15]
FUN 4: TICK [0]
FUN 4: TICK [1]
FUN 4: TICK [2]
FUN 4: TICK [3]
FUN 4: TICK [4]
FUN 4: TICK [5]
FUN 4: TICK [6]
FUN 4: TICK [7]
FUN 4: TICK [8]
FUN 4: TICK [9]
FUN 1 IN ITERATION[16]
FUN 1: TICK [0]
FUN 1: TICK [1]
FUN 1: TICK [2]
FUN 1: TICK [3]
FUN 1: TICK [4]
FUN 1: TICK [5]
FUN 1: TICK [6]
FUN 1: TICK [7]
FUN 1: TICK [8]
FUN 1: TICK [9]
FUN 2 IN ITERATION[16]
Reading a block from disk...
1in blocking disk 
start reading 
00000000000000000000000000000000000000000000000000000000000000000000000000000000000000000000000000000000000000000000000000000000000000000000000000000000000000000000000000000000000000000000000000000000000000000000000000000000000000000000000000000000000000000000000000000000000000000000000000000000000000000000000000000000000000000000000000000000000000000000000000000000000000000000000000000000000000000000000000000000000000000000000000000000000000000000000000000000000000000000000000000000000000000000000000000000Writing a block to disk...
1in blocking disk 
start writing 
FUN 3 IN ITERATION[16]
Reading a block from disk...
1in blocking disk 
start reading 
00000000000000000000000000000000000000000000000000000000000000000000000000000000000000000000000000000000000000000000000000000000000000000000000000000000000000000000000000000000000000000000000000000000000000000000000000000000000000000000000000000000000000000000000000000000000000000000000000000000000000000000000000000000000000000000000000000000000000000000000000000000000000000000000000000000000000000000000000000000000000000000000000000000000000000000000000000000000000000000000000000000000000000000000000000000Writing a block to disk...
1in blocking disk 
start writing 
FUN 4 IN BURST[16]
FUN 4: TICK [0]
FUN 4: TICK [1]
FUN 4: TICK [2]
FUN 4: TICK [3]
FUN 4: TICK [4]
FUN 4: TICK [5]
FUN 4: TICK [6]
FUN 4: TICK [7]
FUN 4: TICK [8]
FUN 4: TICK [9]
FUN 1 IN ITERATION[17]
FUN 1: TICK [0]
FUN 1: TICK [1]
FUN 1: TICK [2]
FUN 1: TICK [3]
FUN 1: TICK [4]
FUN 1: TICK [5]
FUN 1: TICK [6]
FUN 1: TICK [7]
FUN 1: TICK [8]
FUN 1: TICK [9]
FUN 2 IN ITERATION[17]
Reading a block from disk...
1in blocking disk 
start reading 
00000000000000000000000000000000000000000000000000000000000000000000000000000000000000000000000000000000000000000000000000000000000000000000000000000000000000000000000000000000000000000000000000000000000000000000000000000000000000000000000000000000000000000000000000000000000000000000000000000000000000000000000000000000000000000000000000000000000000000000000000000000000000000000000000000000000000000000000000000000000000000000000000000000000000000000000000000000000000000000000000000000000000000000000000000000Writing a block to disk...
1in blocking disk 
start writing 
FUN 3 IN ITERATION[17]
Reading a block from disk...
1in blocking disk 
start reading 
00000000000000000000000000000000000000000000000000000000000000000000000000000000000000000000000000000000000000000000000000000000000000000000000000000000000000000000000000000000000000000000000000000000000000000000000000000000000000000000000000000000000000000000000000000000000000000000000000000000000000000000000000000000000000000000000000000000000000000000000000000000000000000000000000000000000000000000000000000000000000000000000000000000000000000000000000000000000000000000000000000000000000000000000000000000Writing a block to disk...
1in blocking disk 
start writing 
FUN 4 IN BURST[17]
FUN 4: TICK [0]
FUN 4: TICK [1]
FUN 4: TICK [2]
FUN 4: TICK [3]
FUN 4: TICK [4]
FUN 4: TICK [5]
FUN 4: TICK [6]
FUN 4: TICK [7]
FUN 4: TICK [8]
FUN 4: TICK [9]
FUN 1 IN ITERATION[18]
FUN 1: TICK [0]
FUN 1: TICK [1]
FUN 1: TICK [2]
FUN 1: TICK [3]
FUN 1: TICK [4]
FUN 1: TICK [5]
FUN 1: TICK [6]
FUN 1: TICK [7]
FUN 1: TICK [8]
FUN 1: TICK [9]
FUN 2 IN ITERATION[18]
Reading a block from disk...
1in blocking disk 
start reading 
97979797970000000000001000800000000000164351600000201232020001008320040000000000000000000000000000000000000000000000000000000000000000000000000000000000000000000000000000000000000000000000000000000000000000000000000000000000000000000000000000000000000000000000000000000000000000000000000000000000000000000000000000000000000000000000000000000000000000000000000000000000000000000000000000000000000000000000000000000000000000000000000000000000000000000000000000000000000000000000000000000000000000000000000000000000000000000000000Writing a block to disk...
1in blocking disk 
start writing 
FUN 3 IN ITERATION[18]
Reading a block from disk...
1in blocking disk 
start reading 
97979797970000000000001000800000000000164351600000201232020001008320040000000000000000000000000000000000000000000000000000000000000000000000000000000000000000000000000000000000000000000000000000000000000000000000000000000000000000000000000000000000000000000000000000000000000000000000000000000000000000000000000000000000000000000000000000000000000000000000000000000000000000000000000000000000000000000000000000000000000000000000000000000000000000000000000000000000000000000000000000000000000000000000000000000000000000000000000Writing a block to disk...
1in blocking disk 
start writing 
FUN 4 IN BURST[18]
FUN 4: TICK [0]
FUN 4: TICK [1]
FUN 4: TICK [2]
FUN 4: TICK [3]
FUN 4: TICK [4]
FUN 4: TICK [5]
FUN 4: TICK [6]
FUN 4: TICK [7]
FUN 4: TICK [8]
FUN 4: TICK [9]
FUN 1 IN ITERATION[19]
FUN 1: TICK [0]
FUN 1: TICK [1]
FUN 1: TICK [2]
FUN 1: TICK [3]
FUN 1: TICK [4]
FUN 1: TICK [5]
FUN 1: TICK [6]
FUN 1: TICK [7]
FUN 1: TICK [8]
FUN 1: TICK [9]
FUN 2 IN ITERATION[19]
Reading a block from disk...
1in blocking disk 
start reading 
97979797971721632000000000000010008000000000001923416000002527320100076432004000000000000000000000000000000000000000000000000000000000000000000000000000000000000000000000000000000000000000000000000000000000000000000000000000000000000000000000000000000000000000000000000000000000000000000000000000000000000000000000000000000000000000000000000000000000000000000000000000000000000000000000000000000000000000000000000000000000000000000000000000000000000000000000000000000000000000000000000000000000000000000000000000000000000000000000Writing a block to disk...
1in blocking disk 
start writing 
FUN 3 IN ITERATION[19]
Reading a block from disk...
1in blocking disk 
start reading 
97979797971721632000000000000010008000000000001923416000002527320100076432004000000000000000000000000000000000000000000000000000000000000000000000000000000000000000000000000000000000000000000000000000000000000000000000000000000000000000000000000000000000000000000000000000000000000000000000000000000000000000000000000000000000000000000000000000000000000000000000000000000000000000000000000000000000000000000000000000000000000000000000000000000000000000000000000000000000000000000000000000000000000000000000000000000000000000000000Writing a block to disk...
1in blocking disk 
start writing 
FUN 4 IN BURST[19]
FUN 4: TICK [0]
FUN 4: TICK [1]
FUN 4: TICK [2]
FUN 4: TICK [3]
FUN 4: TICK [4]
FUN 4: TICK [5]
FUN 4: TICK [6]
FUN 4: TICK [7]
FUN 4: TICK [8]
FUN 4: TICK [9]
FUN 1 IN ITERATION[20]
FUN 1: TICK [0]
FUN 1: TICK [1]
FUN 1: TICK [2]
FUN 1: TICK [3]
FUN 1: TICK [4]
FUN 1: TICK [5]
FUN 1: TICK [6]
FUN 1: TICK [7]
FUN 1: TICK [8]
FUN 1: TICK [9]
FUN 2 IN ITERATION[20]
Reading a block from disk...
1in blocking disk 
start reading 
97979797971721632000000000000010008000000000001923416000002527320100076432004000000000000000000000000000000000000000000000000000000000000000000000000000000000000000000000000000000000000000000000000000000000000000000000000000000000000000000000000000000000000000000000000000000000000000000000000000000000000000000000000000000000000000000000000000000000000000000000000000000000000000000000000000000000000000000000000000000000000000000000000000000000000000000000000000000000000000000000000000000000000000000000000000000000000000000000Writing a block to disk...
1in blocking disk 
start writing 
FUN 3 IN ITERATION[20]
Reading a block from disk...
1in blocking disk 
start reading 
97979797971721632000000000000010008000000000001923416000002527320100076432004000000000000000000000000000000000000000000000000000000000000000000000000000000000000000000000000000000000000000000000000000000000000000000000000000000000000000000000000000000000000000000000000000000000000000000000000000000000000000000000000000000000000000000000000000000000000000000000000000000000000000000000000000000000000000000000000000000000000000000000000000000000000000000000000000000000000000000000000000000000000000000000000000000000000000000000Writing a block to disk...
1in blocking disk 
start writing 
FUN 4 IN BURST[20]
FUN 4: TICK [0]
FUN 4: TICK [1]
FUN 4: TICK [2]
FUN 4: TICK [3]
FUN 4: TICK [4]
FUN 4: TICK [5]
FUN 4: TICK [6]
FUN 4: TICK [7]
FUN 4: TICK [8]
FUN 4: TICK [9]
FUN 1 IN ITERATION[21]
FUN 1: TICK [0]
FUN 1: TICK [1]
FUN 1: TICK [2]
FUN 1: TICK [3]
FUN 1: TICK [4]
FUN 1: TICK [5]
FUN 1: TICK [6]
FUN 1: TICK [7]
FUN 1: TICK [8]
FUN 1: TICK [9]
FUN 2 IN ITERATION[21]
Reading a block from disk...
1in blocking disk 
start reading 
979797979718016320000000000000100080000000000016835160000020123202000100832004000000000000000000000000000000000000000000000000000000000000000000000000000000000000000000000000000000000000000000000000000000000000000000000000000000000000000000000000000000000000000000000000000000000000000000000000000000000000000000000000000000000000000000000000000000000000000000000000000000000000000000000000000000000000000000000000000000000000000000000000000000000000000000000000000000000000000000000000000000000000000000000000000000000000000000000Writing a block to disk...
1in blocking disk 
start writing 
FUN 3 IN ITERATION[21]
Reading a block from disk...
1in blocking disk 
start reading 
979797979718016320000000000000100080000000000016835160000020123202000100832004000000000000000000000000000000000000000000000000000000000000000000000000000000000000000000000000000000000000000000000000000000000000000000000000000000000000000000000000000000000000000000000000000000000000000000000000000000000000000000000000000000000000000000000000000000000000000000000000000000000000000000000000000000000000000000000000000000000000000000000000000000000000000000000000000000000000000000000000000000000000000000000000000000000000000000000Writing a block to disk...
1in blocking disk 
start writing 
FUN 4 IN BURST[21]
FUN 4: TICK [0]
FUN 4: TICK [1]
FUN 4: TICK [2]
FUN 4: TICK [3]
FUN 4: TICK [4]
FUN 4: TICK [5]
FUN 4: TICK [6]
FUN 4: TICK [7]
FUN 4: TICK [8]
FUN 4: TICK [9]
FUN 1 IN ITERATION[22]
FUN 1: TICK [0]
FUN 1: TICK [1]
FUN 1: TICK [2]
FUN 1: TICK [3]
FUN 1: TICK [4]
FUN 1: TICK [5]
FUN 1: TICK [6]
FUN 1: TICK [7]
FUN 1: TICK [8]
FUN 1: TICK [9]
FUN 2 IN ITERATION[22]
Reading a block from disk...
1in blocking disk 
start reading 
00000000000000000000000000000000000000000000000000000000000000000000000000000000000000000000000000000000000000000000000000000000000000000000000000000000000000000000000000000000000000000000000000000000000000000000000000000000000000000000000000000000000000000000000000000000000000000000000000000000000000000000000000000000000000000000000000000000000000000000000000000000000000000000000000000000000000000000000000000000000000000000000000000000000000000000000000000000000000000000000000000000000000000000000000000000Writing a block to disk...
1in blocking disk 
start writing 
FUN 3 IN ITERATION[22]
Reading a block from disk...
1in blocking disk 
start reading 
00000000000000000000000000000000000000000000000000000000000000000000000000000000000000000000000000000000000000000000000000000000000000000000000000000000000000000000000000000000000000000000000000000000000000000000000000000000000000000000000000000000000000000000000000000000000000000000000000000000000000000000000000000000000000000000000000000000000000000000000000000000000000000000000000000000000000000000000000000000000000000000000000000000000000000000000000000000000000000000000000000000000000000000000000000000Writing a block to disk...
1in blocking disk 
start writing 
FUN 4 IN BURST[22]
FUN 4: TICK [0]
FUN 4: TICK [1]
FUN 4: TICK [2]
FUN 4: TICK [3]
FUN 4: TICK [4]
FUN 4: TICK [5]
FUN 4: TICK [6]
FUN 4: TICK [7]
FUN 4: TICK [8]
FUN 4: TICK [9]
FUN 1 IN ITERATION[23]
FUN 1: TICK [0]
FUN 1: TICK [1]
FUN 1: TICK [2]
FUN 1: TICK [3]
FUN 1: TICK [4]
FUN 1: TICK [5]
FUN 1: TICK [6]
FUN 1: TICK [7]
FUN 1: TICK [8]
FUN 1: TICK [9]
FUN 2 IN ITERATION[23]
Reading a block from disk...
1in blocking disk 
start reading 
00000000000000000000000000000000000000000000000000000000000000000000000000000000000000000000000000000000000000000000000000000000000000000000000000000000000000000000000000000000000000000000000000000000000000000000000000000000000000000000000000000000000000000000000000000000000000000000000000000000000000000000000000000000000000000000000000000000000000000000000000000000000000000000000000000000000000000000000000000000000000000000000000000000000000000000000000000000000000000000000000000000000000000000000000000000Writing a block to disk...
1in blocking disk 
start writing 
FUN 3 IN ITERATION[23]
Reading a block from disk...
1in blocking disk 
start reading 
00000000000000000000000000000000000000000000000000000000000000000000000000000000000000000000000000000000000000000000000000000000000000000000000000000000000000000000000000000000000000000000000000000000000000000000000000000000000000000000000000000000000000000000000000000000000000000000000000000000000000000000000000000000000000000000000000000000000000000000000000000000000000000000000000000000000000000000000000000000000000000000000000000000000000000000000000000000000000000000000000000000000000000000000000000000Writing a block to disk...
1in blocking disk 
start writing 
FUN 4 IN BURST[23]
FUN 4: TICK [0]
FUN 4: TICK [1]
FUN 4: TICK [2]
FUN 4: TICK [3]
FUN 4: TICK [4]
FUN 4: TICK [5]
FUN 4: TICK [6]
FUN 4: TICK [7]
FUN 4: TICK [8]
FUN 4: TICK [9]
FUN 1 IN ITERATION[24]
FUN 1: TICK [0]
FUN 1: TICK [1]
FUN 1: TICK [2]
FUN 1: TICK [3]
FUN 1: TICK [4]
FUN 1: TICK [5]
FUN 1: TICK [6]
FUN 1: TICK [7]
FUN 1: TICK [8]
FUN 1: TICK [9]
FUN 2 IN ITERATION[24]
Reading a block from disk...
1in blocking disk 
start reading 
97979797970000000000001000800000000000164351600000201232020001008320040000000000000000000000000000000000000000000000000000000000000000000000000000000000000000000000000000000000000000000000000000000000000000000000000000000000000000000000000000000000000000000000000000000000000000000000000000000000000000000000000000000000000000000000000000000000000000000000000000000000000000000000000000000000000000000000000000000000000000000000000000000000000000000000000000000000000000000000000000000000000000000000000000000000000000000000000Writing a block to disk...
1in blocking disk 
start writing 
FUN 3 IN ITERATION[24]
Reading a block from disk...
1in blocking disk 
start reading 
97979797970000000000001000800000000000164351600000201232020001008320040000000000000000000000000000000000000000000000000000000000000000000000000000000000000000000000000000000000000000000000000000000000000000000000000000000000000000000000000000000000000000000000000000000000000000000000000000000000000000000000000000000000000000000000000000000000000000000000000000000000000000000000000000000000000000000000000000000000000000000000000000000000000000000000000000000000000000000000000000000000000000000000000000000000000000000000000Writing a block to disk...
1in blocking disk 
start writing 
FUN 4 IN BURST[24]
FUN 4: TICK [0]
FUN 4: TICK [1]
FUN 4: TICK [2]
FUN 4: TICK [3]
FUN 4: TICK [4]
FUN 4: TICK [5]
FUN 4: TICK [6]
FUN 4: TICK [7]
FUN 4: TICK [8]
FUN 4: TICK [9]
FUN 1 IN ITERATION[25]
FUN 1: TICK [0]
FUN 1: TICK [1]
FUN 1: TICK [2]
FUN 1: TICK [3]
FUN 1: TICK [4]
FUN 1: TICK [5]
FUN 1: TICK [6]
FUN 1: TICK [7]
FUN 1: TICK [8]
FUN 1: TICK [9]
FUN 2 IN ITERATION[25]
Reading a block from disk...
1in blocking disk 
start reading 
00000000000000000000000000000000000000000000000000000000000000000000000000000000000000000000000000000000000000000000000000000000000000000000000000000000000000000000000000000000000000000000000000000000000000000000000000000000000000000000000000000000000000000000000000000000000000000000000000000000000000000000000000000000000000000000000000000000000000000000000000000000000000000000000000000000000000000000000000000000000000000000000000000000000000000000000000000000000000000000000000000000000000000000000000000000Writing a block to disk...
1in blocking disk 
start writing 
FUN 3 IN ITERATION[25]
Reading a block from disk...
1in blocking disk 
start reading 
00000000000000000000000000000000000000000000000000000000000000000000000000000000000000000000000000000000000000000000000000000000000000000000000000000000000000000000000000000000000000000000000000000000000000000000000000000000000000000000000000000000000000000000000000000000000000000000000000000000000000000000000000000000000000000000000000000000000000000000000000000000000000000000000000000000000000000000000000000000000000000000000000000000000000000000000000000000000000000000000000000000000000000000000000000000Writing a block to disk...
1in blocking disk 
start writing 
FUN 4 IN BURST[25]
FUN 4: TICK [0]
FUN 4: TICK [1]
FUN 4: TICK [2]
FUN 4: TICK [3]
FUN 4: TICK [4]
FUN 4: TICK [5]
FUN 4: TICK [6]
FUN 4: TICK [7]
FUN 4: TICK [8]
FUN 4: TICK [9]
FUN 1 IN ITERATION[26]
FUN 1: TICK [0]
FUN 1: TICK [1]
FUN 1: TICK [2]
FUN 1: TICK [3]
FUN 1: TICK [4]
FUN 1: TICK [5]
FUN 1: TICK [6]
FUN 1: TICK [7]
FUN 1: TICK [8]
FUN 1: TICK [9]
FUN 2 IN ITERATION[26]
Reading a block from disk...
1in blocking disk 
start reading 
00000000000000000000000000000000000000000000000000000000000000000000000000000000000000000000000000000000000000000000000000000000000000000000000000000000000000000000000000000000000000000000000000000000000000000000000000000000000000000000000000000000000000000000000000000000000000000000000000000000000000000000000000000000000000000000000000000000000000000000000000000000000000000000000000000000000000000000000000000000000000000000000000000000000000000000000000000000000000000000000000000000000000000000000000000000Writing a block to disk...
1in blocking disk 
start writing 
FUN 3 IN ITERATION[26]
Reading a block from disk...
1in blocking disk 
start reading 
00000000000000000000000000000000000000000000000000000000000000000000000000000000000000000000000000000000000000000000000000000000000000000000000000000000000000000000000000000000000000000000000000000000000000000000000000000000000000000000000000000000000000000000000000000000000000000000000000000000000000000000000000000000000000000000000000000000000000000000000000000000000000000000000000000000000000000000000000000000000000000000000000000000000000000000000000000000000000000000000000000000000000000000000000000000Writing a block to disk...
1in blocking disk 
start writing 
FUN 4 IN BURST[26]
FUN 4: TICK [0]
FUN 4: TICK [1]
FUN 4: TICK [2]
FUN 4: TICK [3]
FUN 4: TICK [4]
FUN 4: TICK [5]
FUN 4: TICK [6]
FUN 4: TICK [7]
FUN 4: TICK [8]
FUN 4: TICK [9]
FUN 1 IN ITERATION[27]
FUN 1: TICK [0]
FUN 1: TICK [1]
FUN 1: TICK [2]
FUN 1: TICK [3]
FUN 1: TICK [4]
FUN 1: TICK [5]
FUN 1: TICK [6]
FUN 1: TICK [7]
FUN 1: TICK [8]
FUN 1: TICK [9]
FUN 2 IN ITERATION[27]
Reading a block from disk...
1in blocking disk 
start reading 
97979797970000000000001000800000000000164351600000201232020001008320040000000000000000000000000000000000000000000000000000000000000000000000000000000000000000000000000000000000000000000000000000000000000000000000000000000000000000000000000000000000000000000000000000000000000000000000000000000000000000000000000000000000000000000000000000000000000000000000000000000000000000000000000000000000000000000000000000000000000000000000000000000000000000000000000000000000000000000000000000000000000000000000000000000000000000000000000Writing a block to disk...
1in blocking disk 
start writing 
FUN 3 IN ITERATION[27]
Reading a block from disk...
1in blocking disk 
start reading 
97979797970000000000001000800000000000164351600000201232020001008320040000000000000000000000000000000000000000000000000000000000000000000000000000000000000000000000000000000000000000000000000000000000000000000000000000000000000000000000000000000000000000000000000000000000000000000000000000000000000000000000000000000000000000000000000000000000000000000000000000000000000000000000000000000000000000000000000000000000000000000000000000000000000000000000000000000000000000000000000000000000000000000000000000000000000000000000000Writing a block to disk...
1in blocking disk 
start writing 
FUN 4 IN BURST[27]
FUN 4: TICK [0]
FUN 4: TICK [1]
FUN 4: TICK [2]
FUN 4: TICK [3]
FUN 4: TICK [4]
FUN 4: TICK [5]
FUN 4: TICK [6]
FUN 4: TICK [7]
FUN 4: TICK [8]
FUN 4: TICK [9]
FUN 1 IN ITERATION[28]
FUN 1: TICK [0]
FUN 1: TICK [1]
FUN 1: TICK [2]
FUN 1: TICK [3]
FUN 1: TICK [4]
FUN 1: TICK [5]
FUN 1: TICK [6]
FUN 1: TICK [7]
FUN 1: TICK [8]
FUN 1: TICK [9]
FUN 2 IN ITERATION[28]
Reading a block from disk...
1in blocking disk 
start reading 
97979797971721632000000000000010008000000000001923416000002527320100076432004000000000000000000000000000000000000000000000000000000000000000000000000000000000000000000000000000000000000000000000000000000000000000000000000000000000000000000000000000000000000000000000000000000000000000000000000000000000000000000000000000000000000000000000000000000000000000000000000000000000000000000000000000000000000000000000000000000000000000000000000000000000000000000000000000000000000000000000000000000000000000000000000000000000000000000000Writing a block to disk...
1in blocking disk 
start writing 
FUN 3 IN ITERATION[28]
Reading a block from disk...
1in blocking disk 
start reading 
97979797971721632000000000000010008000000000001923416000002527320100076432004000000000000000000000000000000000000000000000000000000000000000000000000000000000000000000000000000000000000000000000000000000000000000000000000000000000000000000000000000000000000000000000000000000000000000000000000000000000000000000000000000000000000000000000000000000000000000000000000000000000000000000000000000000000000000000000000000000000000000000000000000000000000000000000000000000000000000000000000000000000000000000000000000000000000000000000Writing a block to disk...
1in blocking disk 
start writing 
FUN 4 IN BURST[28]
FUN 4: TICK [0]
FUN 4: TICK [1]
FUN 4: TICK [2]
FUN 4: TICK [3]
FUN 4: TICK [4]
FUN 4: TICK [5]
FUN 4: TICK [6]
FUN 4: TICK [7]
FUN 4: TICK [8]
FUN 4: TICK [9]
FUN 1 IN ITERATION[29]
FUN 1: TICK [0]
FUN 1: TICK [1]
FUN 1: TICK [2]
FUN 1: TICK [3]
FUN 1: TICK [4]
FUN 1: TICK [5]
FUN 1: TICK [6]
FUN 1: TICK [7]
FUN 1: TICK [8]
FUN 1: TICK [9]
FUN 2 IN ITERATION[29]
Reading a block from disk...
1in blocking disk 
start reading 
97979797971721632000000000000010008000000000001923416000002527320100076432004000000000000000000000000000000000000000000000000000000000000000000000000000000000000000000000000000000000000000000000000000000000000000000000000000000000000000000000000000000000000000000000000000000000000000000000000000000000000000000000000000000000000000000000000000000000000000000000000000000000000000000000000000000000000000000000000000000000000000000000000000000000000000000000000000000000000000000000000000000000000000000000000000000000000000000000Writing a block to disk...
1in blocking disk 
start writing 
FUN 3 IN ITERATION[29]
Reading a block from disk...
1in blocking disk 
start reading 
97979797971721632000000000000010008000000000001923416000002527320100076432004000000000000000000000000000000000000000000000000000000000000000000000000000000000000000000000000000000000000000000000000000000000000000000000000000000000000000000000000000000000000000000000000000000000000000000000000000000000000000000000000000000000000000000000000000000000000000000000000000000000000000000000000000000000000000000000000000000000000000000000000000000000000000000000000000000000000000000000000000000000000000000000000000000000000000000000Writing a block to disk...
1in blocking disk 
start writing 
FUN 4 IN BURST[29]
FUN 4: TICK [0]
FUN 4: TICK [1]
FUN 4: TICK [2]
FUN 4: TICK [3]
FUN 4: TICK [4]
FUN 4: TICK [5]
FUN 4: TICK [6]
FUN 4: TICK [7]
FUN 4: TICK [8]
FUN 4: TICK [9]
FUN 1 IN ITERATION[30]
FUN 1: TICK [0]
FUN 1: TICK [1]
FUN 1: TICK [2]
FUN 1: TICK [3]
FUN 1: TICK [4]
FUN 1: TICK [5]
FUN 1: TICK [6]
FUN 1: TICK [7]
FUN 1: TICK [8]
FUN 1: TICK [9]
FUN 2 IN ITERATION[30]
Reading a block from disk...
1in blocking disk 
start reading 
979797979718016320000000000000100080000000000016835160000020123202000100832004000000000000000000000000000000000000000000000000000000000000000000000000000000000000000000000000000000000000000000000000000000000000000000000000000000000000000000000000000000000000000000000000000000000000000000000000000000000000000000000000000000000000000000000000000000000000000000000000000000000000000000000000000000000000000000000000000000000000000000000000000000000000000000000000000000000000000000000000000000000000000000000000000000000000000000000Writing a block to disk...
1in blocking disk 
start writing 
FUN 3 IN ITERATION[30]
Reading a block from disk...
1in blocking disk 
start reading 
979797979718016320000000000000100080000000000016835160000020123202000100832004000000000000000000000000000000000000000000000000000000000000000000000000000000000000000000000000000000000000000000000000000000000000000000000000000000000000000000000000000000000000000000000000000000000000000000000000000000000000000000000000000000000000000000000000000000000000000000000000000000000000000000000000000000000000000000000000000000000000000000000000000000000000000000000000000000000000000000000000000000000000000000000000000000000000000000000Writing a block to disk...
1in blocking disk 
start writing 
FUN 4 IN BURST[30]
FUN 4: TICK [0]
FUN 4: TICK [1]
FUN 4: TICK [2]
FUN 4: TICK [3]
FUN 4: TICK [4]
FUN 4: TICK [5]
FUN 4: TICK [6]
FUN 4: TICK [7]
FUN 4: TICK [8]
FUN 4: TICK [9]
FUN 1 IN ITERATION[31]
FUN 1: TICK [0]
FUN 1: TICK [1]
FUN 1: TICK [2]
FUN 1: TICK [3]
FUN 1: TICK [4]
FUN 1: TICK [5]
FUN 1: TICK [6]
FUN 1: TICK [7]
FUN 1: TICK [8]
FUN 1: TICK [9]
FUN 2 IN ITERATION[31]
Reading a block from disk...
1in blocking disk 
start reading 
00000000000000000000000000000000000000000000000000000000000000000000000000000000000000000000000000000000000000000000000000000000000000000000000000000000000000000000000000000000000000000000000000000000000000000000000000000000000000000000000000000000000000000000000000000000000000000000000000000000000000000000000000000000000000000000000000000000000000000000000000000000000000000000000000000000000000000000000000000000000000000000000000000000000000000000000000000000000000000000000000000000000000000000000000000000Writing a block to disk...
1in blocking disk 
start writing 
FUN 3 IN ITERATION[31]
Reading a block from disk...
1in blocking disk 
start reading 
00000000000000000000000000000000000000000000000000000000000000000000000000000000000000000000000000000000000000000000000000000000000000000000000000000000000000000000000000000000000000000000000000000000000000000000000000000000000000000000000000000000000000000000000000000000000000000000000000000000000000000000000000000000000000000000000000000000000000000000000000000000000000000000000000000000000000000000000000000000000000000000000000000000000000000000000000000000000000000000000000000000000000000000000000000000Writing a block to disk...
1in blocking disk 
start writing 
FUN 4 IN BURST[31]
FUN 4: TICK [0]
FUN 4: TICK [1]
FUN 4: TICK [2]
FUN 4: TICK [3]
FUN 4: TICK [4]
FUN 4: TICK [5]
FUN 4: TICK [6]
FUN 4: TICK [7]
FUN 4: TICK [8]
FUN 4: TICK [9]
FUN 1 IN ITERATION[32]
FUN 1: TICK [0]
FUN 1: TICK [1]
FUN 1: TICK [2]
FUN 1: TICK [3]
FUN 1: TICK [4]
FUN 1: TICK [5]
FUN 1: TICK [6]
FUN 1: TICK [7]
FUN 1: TICK [8]
FUN 1: TICK [9]
FUN 2 IN ITERATION[32]
Reading a block from disk...
1in blocking disk 
start reading 
00000000000000000000000000000000000000000000000000000000000000000000000000000000000000000000000000000000000000000000000000000000000000000000000000000000000000000000000000000000000000000000000000000000000000000000000000000000000000000000000000000000000000000000000000000000000000000000000000000000000000000000000000000000000000000000000000000000000000000000000000000000000000000000000000000000000000000000000000000000000000000000000000000000000000000000000000000000000000000000000000000000000000000000000000000000Writing a block to disk...
1in blocking disk 
start writing 
FUN 3 IN ITERATION[32]
Reading a block from disk...
1in blocking disk 
start reading 
00000000000000000000000000000000000000000000000000000000000000000000000000000000000000000000000000000000000000000000000000000000000000000000000000000000000000000000000000000000000000000000000000000000000000000000000000000000000000000000000000000000000000000000000000000000000000000000000000000000000000000000000000000000000000000000000000000000000000000000000000000000000000000000000000000000000000000000000000000000000000000000000000000000000000000000000000000000000000000000000000000000000000000000000000000000Writing a block to disk...
1in blocking disk 
start writing 
FUN 4 IN BURST[32]
FUN 4: TICK [0]
FUN 4: TICK [1]
FUN 4: TICK [2]
FUN 4: TICK [3]
FUN 4: TICK [4]
FUN 4: TICK [5]
FUN 4: TICK [6]
FUN 4: TICK [7]
FUN 4: TICK [8]
FUN 4: TICK [9]
FUN 1 IN ITERATION[33]
FUN 1: TICK [0]
FUN 1: TICK [1]
FUN 1: TICK [2]
FUN 1: TICK [3]
FUN 1: TICK [4]
FUN 1: TICK [5]
FUN 1: TICK [6]
FUN 1: TICK [7]
FUN 1: TICK [8]
FUN 1: TICK [9]
FUN 2 IN ITERATION[33]
Reading a block from disk...
1in blocking disk 
start reading 
97979797970000000000001000800000000000164351600000201232020001008320040000000000000000000000000000000000000000000000000000000000000000000000000000000000000000000000000000000000000000000000000000000000000000000000000000000000000000000000000000000000000000000000000000000000000000000000000000000000000000000000000000000000000000000000000000000000000000000000000000000000000000000000000000000000000000000000000000000000000000000000000000000000000000000000000000000000000000000000000000000000000000000000000000000000000000000000000Writing a block to disk...
1in blocking disk 
start writing 
FUN 3 IN ITERATION[33]
Reading a block from disk...
1in blocking disk 
start reading 
97979797970000000000001000800000000000164351600000201232020001008320040000000000000000000000000000000000000000000000000000000000000000000000000000000000000000000000000000000000000000000000000000000000000000000000000000000000000000000000000000000000000000000000000000000000000000000000000000000000000000000000000000000000000000000000000000000000000000000000000000000000000000000000000000000000000000000000000000000000000000000000000000000000000000000000000000000000000000000000000000000000000000000000000000000000000000000000000Writing a block to disk...
1in blocking disk 
start writing 
FUN 4 IN BURST[33]
FUN 4: TICK [0]
FUN 4: TICK [1]
FUN 4: TICK [2]
FUN 4: TICK [3]
FUN 4: TICK [4]
FUN 4: TICK [5]
FUN 4: TICK [6]
FUN 4: TICK [7]
FUN 4: TICK [8]
FUN 4: TICK [9]
FUN 1 IN ITERATION[34]
FUN 1: TICK [0]
FUN 1: TICK [1]
FUN 1: TICK [2]
FUN 1: TICK [3]
FUN 1: TICK [4]
FUN 1: TICK [5]
FUN 1: TICK [6]
FUN 1: TICK [7]
FUN 1: TICK [8]
FUN 1: TICK [9]
FUN 2 IN ITERATION[34]
Reading a block from disk...
1in blocking disk 
start reading 
00000000000000000000000000000000000000000000000000000000000000000000000000000000000000000000000000000000000000000000000000000000000000000000000000000000000000000000000000000000000000000000000000000000000000000000000000000000000000000000000000000000000000000000000000000000000000000000000000000000000000000000000000000000000000000000000000000000000000000000000000000000000000000000000000000000000000000000000000000000000000000000000000000000000000000000000000000000000000000000000000000000000000000000000000000000Writing a block to disk...
1in blocking disk 
start writing 
FUN 3 IN ITERATION[34]
Reading a block from disk...
1in blocking disk 
start reading 
00000000000000000000000000000000000000000000000000000000000000000000000000000000000000000000000000000000000000000000000000000000000000000000000000000000000000000000000000000000000000000000000000000000000000000000000000000000000000000000000000000000000000000000000000000000000000000000000000000000000000000000000000000000000000000000000000000000000000000000000000000000000000000000000000000000000000000000000000000000000000000000000000000000000000000000000000000000000000000000000000000000000000000000000000000000Writing a block to disk...
1in blocking disk 
start writing 
FUN 4 IN BURST[34]
FUN 4: TICK [0]
FUN 4: TICK [1]
FUN 4: TICK [2]
FUN 4: TICK [3]
FUN 4: TICK [4]
FUN 4: TICK [5]
FUN 4: TICK [6]
FUN 4: TICK [7]
FUN 4: TICK [8]
FUN 4: TICK [9]
FUN 1 IN ITERATION[35]
FUN 1: TICK [0]
FUN 1: TICK [1]
FUN 1: TICK [2]
FUN 1: TICK [3]
FUN 1: TICK [4]
FUN 1: TICK [5]
FUN 1: TICK [6]
FUN 1: TICK [7]
FUN 1: TICK [8]
FUN 1: TICK [9]
FUN 2 IN ITERATION[35]
Reading a block from disk...
1in blocking disk 
start reading 
00000000000000000000000000000000000000000000000000000000000000000000000000000000000000000000000000000000000000000000000000000000000000000000000000000000000000000000000000000000000000000000000000000000000000000000000000000000000000000000000000000000000000000000000000000000000000000000000000000000000000000000000000000000000000000000000000000000000000000000000000000000000000000000000000000000000000000000000000000000000000000000000000000000000000000000000000000000000000000000000000000000000000000000000000000000Writing a block to disk...
1in blocking disk 
start writing 
FUN 3 IN ITERATION[35]
Reading a block from disk...
1in blocking disk 
start reading 
00000000000000000000000000000000000000000000000000000000000000000000000000000000000000000000000000000000000000000000000000000000000000000000000000000000000000000000000000000000000000000000000000000000000000000000000000000000000000000000000000000000000000000000000000000000000000000000000000000000000000000000000000000000000000000000000000000000000000000000000000000000000000000000000000000000000000000000000000000000000000000000000000000000000000000000000000000000000000000000000000000000000000000000000000000000Writing a block to disk...
1in blocking disk 
start writing 
FUN 4 IN BURST[35]
FUN 4: TICK [0]
FUN 4: TICK [1]
FUN 4: TICK [2]
FUN 4: TICK [3]
FUN 4: TICK [4]
FUN 4: TICK [5]
FUN 4: TICK [6]
FUN 4: TICK [7]
FUN 4: TICK [8]
FUN 4: TICK [9]
FUN 1 IN ITERATION[36]
FUN 1: TICK [0]
FUN 1: TICK [1]
FUN 1: TICK [2]
FUN 1: TICK [3]
FUN 1: TICK [4]
FUN 1: TICK [5]
FUN 1: TICK [6]
FUN 1: TICK [7]
FUN 1: TICK [8]
FUN 1: TICK [9]
FUN 2 IN ITERATION[36]
Reading a block from disk...
1in blocking disk 
start reading 
97979797970000000000001000800000000000164351600000201232020001008320040000000000000000000000000000000000000000000000000000000000000000000000000000000000000000000000000000000000000000000000000000000000000000000000000000000000000000000000000000000000000000000000000000000000000000000000000000000000000000000000000000000000000000000000000000000000000000000000000000000000000000000000000000000000000000000000000000000000000000000000000000000000000000000000000000000000000000000000000000000000000000000000000000000000000000000000000Writing a block to disk...
1in blocking disk 
start writing 
FUN 3 IN ITERATION[36]
Reading a block from disk...
1in blocking disk 
start reading 
97979797970000000000001000800000000000164351600000201232020001008320040000000000000000000000000000000000000000000000000000000000000000000000000000000000000000000000000000000000000000000000000000000000000000000000000000000000000000000000000000000000000000000000000000000000000000000000000000000000000000000000000000000000000000000000000000000000000000000000000000000000000000000000000000000000000000000000000000000000000000000000000000000000000000000000000000000000000000000000000000000000000000000000000000000000000000000000000Writing a block to disk...
1in blocking disk 
start writing 
FUN 4 IN BURST[36]
FUN 4: TICK [0]
FUN 4: TICK [1]
FUN 4: TICK [2]
FUN 4: TICK [3]
FUN 4: TICK [4]
FUN 4: TICK [5]
FUN 4: TICK [6]
FUN 4: TICK [7]
FUN 4: TICK [8]
FUN 4: TICK [9]
FUN 1 IN ITERATION[37]
FUN 1: TICK [0]
FUN 1: TICK [1]
FUN 1: TICK [2]
FUN 1: TICK [3]
FUN 1: TICK [4]
FUN 1: TICK [5]
FUN 1: TICK [6]
FUN 1: TICK [7]
FUN 1: TICK [8]
FUN 1: TICK [9]
FUN 2 IN ITERATION[37]
Reading a block from disk...
1in blocking disk 
start reading 
97979797971721632000000000000010008000000000001923416000002527320100076432004000000000000000000000000000000000000000000000000000000000000000000000000000000000000000000000000000000000000000000000000000000000000000000000000000000000000000000000000000000000000000000000000000000000000000000000000000000000000000000000000000000000000000000000000000000000000000000000000000000000000000000000000000000000000000000000000000000000000000000000000000000000000000000000000000000000000000000000000000000000000000000000000000000000000000000000Writing a block to disk...
1in blocking disk 
start writing 
FUN 3 IN ITERATION[37]
Reading a block from disk...
1in blocking disk 
start reading 
97979797971721632000000000000010008000000000001923416000002527320100076432004000000000000000000000000000000000000000000000000000000000000000000000000000000000000000000000000000000000000000000000000000000000000000000000000000000000000000000000000000000000000000000000000000000000000000000000000000000000000000000000000000000000000000000000000000000000000000000000000000000000000000000000000000000000000000000000000000000000000000000000000000000000000000000000000000000000000000000000000000000000000000000000000000000000000000000000Writing a block to disk...
1in blocking disk 
start writing 
FUN 4 IN BURST[37]
FUN 4: TICK [0]
FUN 4: TICK [1]
FUN 4: TICK [2]
FUN 4: TICK [3]
FUN 4: TICK [4]
FUN 4: TICK [5]
FUN 4: TICK [6]
FUN 4: TICK [7]
FUN 4: TICK [8]
FUN 4: TICK [9]
FUN 1 IN ITERATION[38]
FUN 1: TICK [0]
FUN 1: TICK [1]
FUN 1: TICK [2]
FUN 1: TICK [3]
FUN 1: TICK [4]
FUN 1: TICK [5]
FUN 1: TICK [6]
FUN 1: TICK [7]
FUN 1: TICK [8]
FUN 1: TICK [9]
FUN 2 IN ITERATION[38]
Reading a block from disk...
1in blocking disk 
start reading 
97979797971721632000000000000010008000000000001923416000002527320100076432004000000000000000000000000000000000000000000000000000000000000000000000000000000000000000000000000000000000000000000000000000000000000000000000000000000000000000000000000000000000000000000000000000000000000000000000000000000000000000000000000000000000000000000000000000000000000000000000000000000000000000000000000000000000000000000000000000000000000000000000000000000000000000000000000000000000000000000000000000000000000000000000000000000000000000000000Writing a block to disk...
1in blocking disk 
start writing 
FUN 3 IN ITERATION[38]
Reading a block from disk...
1in blocking disk 
start reading 
97979797971721632000000000000010008000000000001923416000002527320100076432004000000000000000000000000000000000000000000000000000000000000000000000000000000000000000000000000000000000000000000000000000000000000000000000000000000000000000000000000000000000000000000000000000000000000000000000000000000000000000000000000000000000000000000000000000000000000000000000000000000000000000000000000000000000000000000000000000000000000000000000000000000000000000000000000000000000000000000000000000000000000000000000000000000000000000000000Writing a block to disk...
1in blocking disk 
start writing 
FUN 4 IN BURST[38]
FUN 4: TICK [0]
FUN 4: TICK [1]
FUN 4: TICK [2]
FUN 4: TICK [3]
FUN 4: TICK [4]
FUN 4: TICK [5]
FUN 4: TICK [6]
FUN 4: TICK [7]
FUN 4: TICK [8]
FUN 4: TICK [9]
FUN 1 IN ITERATION[39]
FUN 1: TICK [0]
FUN 1: TICK [1]
FUN 1: TICK [2]
FUN 1: TICK [3]
FUN 1: TICK [4]
FUN 1: TICK [5]
FUN 1: TICK [6]
FUN 1: TICK [7]
FUN 1: TICK [8]
FUN 1: TICK [9]
FUN 2 IN ITERATION[39]
Reading a block from disk...
1in blocking disk 
start reading 
979797979718016320000000000000100080000000000016835160000020123202000100832004000000000000000000000000000000000000000000000000000000000000000000000000000000000000000000000000000000000000000000000000000000000000000000000000000000000000000000000000000000000000000000000000000000000000000000000000000000000000000000000000000000000000000000000000000000000000000000000000000000000000000000000000000000000000000000000000000000000000000000000000000000000000000000000000000000000000000000000000000000000000000000000000000000000000000000000Writing a bloc
